{"ts": "2025-12-13T21:08:43.324661", "approval_id": "b9592799-d6c5-45b8-9a4d-0e78710e9948", "event": "requested", "requested_by": "it01", "toolcall": {"tool": "Deployment", "action": "deploy", "params": {"env": "staging"}}}
{"ts": "2025-12-13T21:08:43.328098", "approval_id": "2883e59d-10cf-4a10-a524-8c5a53959ebb", "event": "requested", "requested_by": "eng01", "toolcall": {"tool": "Deployment", "action": "deploy", "params": {}}}
{"ts": "2025-12-13T21:08:43.329498", "approval_id": "1335412e-8a95-40b2-aad5-6de5f7d9b984", "event": "requested", "requested_by": "eng01", "toolcall": {"tool": "Deployment", "action": "deploy", "params": {"env": "staging"}}}
{"ts": "2025-12-13T21:08:43.329829", "approval_id": "1335412e-8a95-40b2-aad5-6de5f7d9b984", "event": "approved", "approved_by": "mgr01", "requested_by": "eng01", "toolcall": {"tool": "Deployment", "action": "deploy", "params": {"env": "staging"}}}
{"ts": "2025-12-14T10:27:29.034901", "approval_id": "2b56afc8-1f3f-47f7-a491-5282832dda35", "event": "requested", "requested_by": "it01", "toolcall": {"tool": "Deployment", "action": "deploy", "params": {"env": "staging"}}}
{"ts": "2025-12-14T10:27:29.038718", "approval_id": "4caac011-1e18-4190-a7a4-26424d4a17c4", "event": "requested", "requested_by": "eng01", "toolcall": {"tool": "Deployment", "action": "deploy", "params": {}}}
{"ts": "2025-12-14T10:36:42.239462", "approval_id": "e795f16d-742c-498e-820e-f706feb41227", "event": "requested", "requested_by": "it01", "toolcall": {"tool": "Deployment", "action": "deploy", "params": {"env": "staging"}}}
{"ts": "2025-12-14T10:36:42.240087", "approval_id": "e795f16d-742c-498e-820e-f706feb41227", "event": "approved", "approved_by": "mgr01", "requested_by": "it01", "toolcall": {"tool": "Deployment", "action": "deploy", "params": {"env": "staging"}}}
{"ts": "2025-12-14T10:36:42.443384", "approval_id": "bb86ae52-882f-4f89-8572-7e8cc01fad41", "event": "requested", "requested_by": "eng01", "toolcall": {"tool": "Deployment", "action": "deploy", "params": {"env": "staging"}}}
{"ts": "2025-12-14T10:36:42.443731", "approval_id": "bb86ae52-882f-4f89-8572-7e8cc01fad41", "event": "approved", "approved_by": "mgr01", "requested_by": "eng01", "toolcall": {"tool": "Deployment", "action": "deploy", "params": {"env": "staging"}}}
{"ts": "2025-12-14T11:08:00.043628", "approval_id": "b09572fc-ff5a-4d29-b7ab-442c3776cc24", "event": "requested", "requested_by": "it01", "toolcall": {"tool": "Deployment", "action": "deploy", "params": {"env": "staging"}}}
{"ts": "2025-12-14T11:08:00.046903", "approval_id": "804478bb-feb8-473a-9fc6-bad17620f4c2", "event": "requested", "requested_by": "eng01", "toolcall": {"tool": "Deployment", "action": "deploy", "params": {}}}
{"ts": "2025-12-14T11:08:00.048659", "approval_id": "831b3c7b-9ac9-463e-aeb1-b4bbbf89191b", "event": "requested", "requested_by": "eng01", "toolcall": {"tool": "Deployment", "action": "deploy", "params": {"env": "staging"}}}
{"ts": "2025-12-14T11:08:00.049066", "approval_id": "831b3c7b-9ac9-463e-aeb1-b4bbbf89191b", "event": "approved", "approved_by": "mgr01", "requested_by": "eng01", "toolcall": {"tool": "Deployment", "action": "deploy", "params": {"env": "staging"}}}
{"ts": "2025-12-14T11:10:00.862290", "approval_id": "dcb2d8e6-70c1-4557-a825-7a1286a86ecd", "event": "requested", "requested_by": "it01", "toolcall": {"tool": "Deployment", "action": "deploy", "params": {"env": "staging"}}}
{"ts": "2025-12-14T11:10:00.862900", "approval_id": "dcb2d8e6-70c1-4557-a825-7a1286a86ecd", "event": "approved", "approved_by": "mgr01", "requested_by": "it01", "toolcall": {"tool": "Deployment", "action": "deploy", "params": {"env": "staging"}}}
{"ts": "2025-12-14T11:10:55.342568", "approval_id": "caf53c69-b4a8-4aca-b763-ef874c44321b", "event": "requested", "requested_by": "eng01", "toolcall": {"tool": "Deployment", "action": "deploy", "params": {"env": "staging"}}}
{"ts": "2025-12-14T11:10:55.343093", "approval_id": "caf53c69-b4a8-4aca-b763-ef874c44321b", "event": "approved", "approved_by": "mgr01", "requested_by": "eng01", "toolcall": {"tool": "Deployment", "action": "deploy", "params": {"env": "staging"}}}
{"ts": "2025-12-14T11:12:14.633370", "approval_id": "f0e55578-472b-4d0b-88b0-c47ad49ec9c2", "event": "requested", "requested_by": "it01", "toolcall": {"tool": "Deployment", "action": "deploy", "params": {"env": "staging"}}}
{"ts": "2025-12-14T11:12:14.634209", "approval_id": "f0e55578-472b-4d0b-88b0-c47ad49ec9c2", "event": "approved", "approved_by": "mgr01", "requested_by": "it01", "toolcall": {"tool": "Deployment", "action": "deploy", "params": {"env": "staging"}}}
{"ts": "2025-12-14T11:13:07.148129", "approval_id": "06e93210-9bcb-44bb-9bac-26717296b7bb", "event": "requested", "requested_by": "eng01", "toolcall": {"tool": "Deployment", "action": "deploy", "params": {"env": "staging"}}}
{"ts": "2025-12-14T11:13:07.148643", "approval_id": "06e93210-9bcb-44bb-9bac-26717296b7bb", "event": "approved", "approved_by": "mgr01", "requested_by": "eng01", "toolcall": {"tool": "Deployment", "action": "deploy", "params": {"env": "staging"}}}
{"ts": "2025-12-14T11:15:34.498075", "approval_id": "4b75a494-b430-43fb-98f0-751cf6cd2481", "event": "requested", "requested_by": "it01", "toolcall": {"tool": "Deployment", "action": "deploy", "params": {"env": "staging"}}}
{"ts": "2025-12-14T11:15:34.498693", "approval_id": "4b75a494-b430-43fb-98f0-751cf6cd2481", "event": "approved", "approved_by": "mgr01", "requested_by": "it01", "toolcall": {"tool": "Deployment", "action": "deploy", "params": {"env": "staging"}}}
{"ts": "2025-12-14T11:16:27.956542", "approval_id": "8bae4f12-613a-476b-9fba-a43ff20ab892", "event": "requested", "requested_by": "eng01", "toolcall": {"tool": "Deployment", "action": "deploy", "params": {"env": "staging"}}}
{"ts": "2025-12-14T11:16:27.957240", "approval_id": "8bae4f12-613a-476b-9fba-a43ff20ab892", "event": "approved", "approved_by": "mgr01", "requested_by": "eng01", "toolcall": {"tool": "Deployment", "action": "deploy", "params": {"env": "staging"}}}
{"ts": "2025-12-14T11:26:55.919979", "approval_id": "202016f6-34bd-4daa-b7a6-31c239dc5c9e", "event": "requested", "requested_by": "it01", "toolcall": {"tool": "Deployment", "action": "deploy", "params": {"env": "staging"}}}
{"ts": "2025-12-14T11:26:55.924086", "approval_id": "73f17663-940d-4018-8494-f8fbab4e5a93", "event": "requested", "requested_by": "eng01", "toolcall": {"tool": "Deployment", "action": "deploy", "params": {}}}
{"ts": "2025-12-14T11:26:55.925671", "approval_id": "db9d62f5-7ddf-465f-a7e2-02b7c9ffba41", "event": "requested", "requested_by": "eng01", "toolcall": {"tool": "Deployment", "action": "deploy", "params": {"env": "staging"}}}
{"ts": "2025-12-14T11:26:55.925978", "approval_id": "db9d62f5-7ddf-465f-a7e2-02b7c9ffba41", "event": "approved", "approved_by": "mgr01", "requested_by": "eng01", "toolcall": {"tool": "Deployment", "action": "deploy", "params": {"env": "staging"}}}
{"ts": "2025-12-14T11:29:10.767435", "approval_id": "af313db2-1f95-4d33-9b47-3b810be527e7", "event": "requested", "requested_by": "it01", "toolcall": {"tool": "Deployment", "action": "deploy", "params": {"env": "staging"}}}
{"ts": "2025-12-14T11:29:10.768101", "approval_id": "af313db2-1f95-4d33-9b47-3b810be527e7", "event": "approved", "approved_by": "mgr01", "requested_by": "it01", "toolcall": {"tool": "Deployment", "action": "deploy", "params": {"env": "staging"}}}
{"ts": "2025-12-14T11:29:59.938668", "approval_id": "d881f190-6d94-46b1-8639-70d2b4b6dc37", "event": "requested", "requested_by": "eng01", "toolcall": {"tool": "Deployment", "action": "deploy", "params": {"env": "staging"}}}
{"ts": "2025-12-14T11:29:59.939237", "approval_id": "d881f190-6d94-46b1-8639-70d2b4b6dc37", "event": "approved", "approved_by": "mgr01", "requested_by": "eng01", "toolcall": {"tool": "Deployment", "action": "deploy", "params": {"env": "staging"}}}
{"ts": "2025-12-14T11:50:33.872598", "approval_id": "4a424601-22cd-4090-99b8-3dd7df37085f", "event": "requested", "requested_by": "it01", "toolcall": {"tool": "Deployment", "action": "deploy", "params": {"env": "staging"}}}
{"ts": "2025-12-14T11:50:33.873096", "approval_id": "4a424601-22cd-4090-99b8-3dd7df37085f", "event": "approved", "approved_by": "mgr01", "requested_by": "it01", "toolcall": {"tool": "Deployment", "action": "deploy", "params": {"env": "staging"}}}
{"ts": "2025-12-14T11:51:26.425341", "approval_id": "c9a0b6c4-ac5a-4ce0-8665-89a1b11fb3fc", "event": "requested", "requested_by": "eng01", "toolcall": {"tool": "Deployment", "action": "deploy", "params": {"env": "staging"}}}
{"ts": "2025-12-14T11:51:26.425857", "approval_id": "c9a0b6c4-ac5a-4ce0-8665-89a1b11fb3fc", "event": "approved", "approved_by": "mgr01", "requested_by": "eng01", "toolcall": {"tool": "Deployment", "action": "deploy", "params": {"env": "staging"}}}
{"ts": "2025-12-14T12:01:00.873596", "approval_id": "5a352f3e-084b-4057-9ad7-751106dfed42", "event": "requested", "requested_by": "it01", "toolcall": {"tool": "Deployment", "action": "deploy", "params": {"env": "staging"}}}
{"ts": "2025-12-14T12:01:00.874156", "approval_id": "5a352f3e-084b-4057-9ad7-751106dfed42", "event": "approved", "approved_by": "mgr01", "requested_by": "it01", "toolcall": {"tool": "Deployment", "action": "deploy", "params": {"env": "staging"}}}
{"ts": "2025-12-14T12:01:51.062229", "approval_id": "a5d292ad-0402-4f57-979d-f35061b916cc", "event": "requested", "requested_by": "eng01", "toolcall": {"tool": "Deployment", "action": "deploy", "params": {"env": "staging"}}}
{"ts": "2025-12-14T12:01:51.062804", "approval_id": "a5d292ad-0402-4f57-979d-f35061b916cc", "event": "approved", "approved_by": "mgr01", "requested_by": "eng01", "toolcall": {"tool": "Deployment", "action": "deploy", "params": {"env": "staging"}}}
{"ts": "2025-12-14T12:08:49.399001", "approval_id": "23ff5541-809d-410e-ad9c-841833addf74", "event": "requested", "requested_by": "it01", "toolcall": {"tool": "Deployment", "action": "deploy", "params": {"env": "staging"}}}
{"ts": "2025-12-14T12:08:49.403193", "approval_id": "3b03a8cc-60fb-44ce-a456-5289de789d16", "event": "requested", "requested_by": "eng01", "toolcall": {"tool": "Deployment", "action": "deploy", "params": {}}}
{"ts": "2025-12-14T12:08:49.404705", "approval_id": "8766b073-ff00-479f-957c-b831be3f9db8", "event": "requested", "requested_by": "eng01", "toolcall": {"tool": "Deployment", "action": "deploy", "params": {"env": "staging"}}}
{"ts": "2025-12-14T12:08:49.405020", "approval_id": "8766b073-ff00-479f-957c-b831be3f9db8", "event": "approved", "approved_by": "mgr01", "requested_by": "eng01", "toolcall": {"tool": "Deployment", "action": "deploy", "params": {"env": "staging"}}}
{"ts": "2025-12-14T12:13:46.387363", "approval_id": "080f2076-3d7f-4331-ade6-09f727637809", "event": "requested", "requested_by": "it01", "toolcall": {"tool": "Deployment", "action": "deploy", "params": {"env": "staging"}}}
{"ts": "2025-12-14T12:13:46.391570", "approval_id": "d4741f09-484a-4743-9db7-3965e1d75da1", "event": "requested", "requested_by": "eng01", "toolcall": {"tool": "Deployment", "action": "deploy", "params": {}}}
{"ts": "2025-12-14T12:13:46.393202", "approval_id": "ef30e590-8b3f-43d8-a32a-706fb0d7d6df", "event": "requested", "requested_by": "eng01", "toolcall": {"tool": "Deployment", "action": "deploy", "params": {"env": "staging"}}}
{"ts": "2025-12-14T12:13:46.393614", "approval_id": "ef30e590-8b3f-43d8-a32a-706fb0d7d6df", "event": "approved", "approved_by": "mgr01", "requested_by": "eng01", "toolcall": {"tool": "Deployment", "action": "deploy", "params": {"env": "staging"}}}
{"ts": "2025-12-14T12:18:28.311976", "approval_id": "00e2cf83-e884-465c-9293-18f1278cde28", "event": "requested", "requested_by": "it01", "toolcall": {"tool": "Deployment", "action": "deploy", "params": {"env": "staging"}}}
{"ts": "2025-12-14T12:18:28.315439", "approval_id": "4717ef1a-131f-4a54-b3ec-26bdb0c55934", "event": "requested", "requested_by": "eng01", "toolcall": {"tool": "Deployment", "action": "deploy", "params": {}}}
{"ts": "2025-12-14T12:18:28.316919", "approval_id": "02fdff1a-7332-4f68-b47f-9ba7eae842f1", "event": "requested", "requested_by": "eng01", "toolcall": {"tool": "Deployment", "action": "deploy", "params": {"env": "staging"}}}
{"ts": "2025-12-14T12:18:28.317269", "approval_id": "02fdff1a-7332-4f68-b47f-9ba7eae842f1", "event": "approved", "approved_by": "mgr01", "requested_by": "eng01", "toolcall": {"tool": "Deployment", "action": "deploy", "params": {"env": "staging"}}}
{"ts": "2025-12-14T12:20:38.640994", "approval_id": "4565ac2f-1106-4890-a164-63449b5d9b3d", "event": "requested", "requested_by": "it01", "toolcall": {"tool": "Deployment", "action": "deploy", "params": {"env": "staging"}}}
{"ts": "2025-12-14T12:20:38.644351", "approval_id": "a9a1349b-05de-46c7-9bc3-186fa5b3a11f", "event": "requested", "requested_by": "eng01", "toolcall": {"tool": "Deployment", "action": "deploy", "params": {}}}
{"ts": "2025-12-14T12:20:38.645805", "approval_id": "3467dd0e-230a-468b-a09f-1809424a3c7c", "event": "requested", "requested_by": "eng01", "toolcall": {"tool": "Deployment", "action": "deploy", "params": {"env": "staging"}}}
{"ts": "2025-12-14T12:20:38.646119", "approval_id": "3467dd0e-230a-468b-a09f-1809424a3c7c", "event": "approved", "approved_by": "mgr01", "requested_by": "eng01", "toolcall": {"tool": "Deployment", "action": "deploy", "params": {"env": "staging"}}}
{"ts": "2025-12-14T12:27:32.025631", "approval_id": "e901128a-c3f8-487b-a2ee-76213e43e7d7", "event": "requested", "requested_by": "eng01", "toolcall": {"tool": "Deployment", "action": "deploy", "params": {}}}
{"ts": "2025-12-14T12:31:20.724726", "approval_id": "6abbd308-376c-41c6-80f2-31161f69ca53", "event": "requested", "requested_by": "eng01", "toolcall": {"tool": "Deployment", "action": "deploy", "params": {}}}
{"ts": "2025-12-14T12:31:20.726722", "approval_id": "2459d5b1-8090-4800-8c99-13ce83a34877", "event": "requested", "requested_by": "eng01", "toolcall": {"tool": "Deployment", "action": "deploy", "params": {"env": "staging"}}}
{"ts": "2025-12-14T12:31:20.727105", "approval_id": "2459d5b1-8090-4800-8c99-13ce83a34877", "event": "approved", "approved_by": "mgr01", "requested_by": "eng01", "toolcall": {"tool": "Deployment", "action": "deploy", "params": {"env": "staging"}}}
{"ts": "2025-12-14T12:33:06.624916", "approval_id": "7d86df21-37d2-4172-af92-cf1e88c7d996", "event": "requested", "requested_by": "it01", "toolcall": {"tool": "Deployment", "action": "deploy", "params": {"env": "staging"}}}
{"ts": "2025-12-14T12:33:06.628247", "approval_id": "8325a987-0318-4df8-8da9-0f1449e896b6", "event": "requested", "requested_by": "eng01", "toolcall": {"tool": "Deployment", "action": "deploy", "params": {}}}
{"ts": "2025-12-14T12:33:06.629813", "approval_id": "f35002b3-df10-4670-8b9f-b738150ae511", "event": "requested", "requested_by": "eng01", "toolcall": {"tool": "Deployment", "action": "deploy", "params": {"env": "staging"}}}
{"ts": "2025-12-14T12:33:06.630161", "approval_id": "f35002b3-df10-4670-8b9f-b738150ae511", "event": "approved", "approved_by": "mgr01", "requested_by": "eng01", "toolcall": {"tool": "Deployment", "action": "deploy", "params": {"env": "staging"}}}
{"ts": "2025-12-14T12:34:17.984470", "approval_id": "2ed70fef-7a83-4a21-8196-aa8a661c3292", "event": "requested", "requested_by": "it01", "toolcall": {"tool": "Deployment", "action": "deploy", "params": {"env": "staging"}}}
{"ts": "2025-12-14T12:34:17.987549", "approval_id": "50624289-f755-48e6-a891-e8684ff4d9f9", "event": "requested", "requested_by": "eng01", "toolcall": {"tool": "Deployment", "action": "deploy", "params": {}}}
{"ts": "2025-12-14T12:34:17.989149", "approval_id": "46a56de8-81c4-47de-b618-4b1be9997a70", "event": "requested", "requested_by": "eng01", "toolcall": {"tool": "Deployment", "action": "deploy", "params": {"env": "staging"}}}
{"ts": "2025-12-14T12:34:17.989558", "approval_id": "46a56de8-81c4-47de-b618-4b1be9997a70", "event": "approved", "approved_by": "mgr01", "requested_by": "eng01", "toolcall": {"tool": "Deployment", "action": "deploy", "params": {"env": "staging"}}}
{"ts": "2025-12-14T12:34:32.658970", "approval_id": "7f791b99-57cc-462b-9659-bb82d6abdd78", "event": "requested", "requested_by": "it01", "toolcall": {"tool": "Deployment", "action": "deploy", "params": {"env": "staging"}}}
{"ts": "2025-12-14T12:34:32.659453", "approval_id": "7f791b99-57cc-462b-9659-bb82d6abdd78", "event": "approved", "approved_by": "mgr01", "requested_by": "it01", "toolcall": {"tool": "Deployment", "action": "deploy", "params": {"env": "staging"}}}
{"ts": "2025-12-14T12:34:32.663793", "approval_id": "1d0201d2-4e34-42c9-9c0a-a9640d36dd30", "event": "requested", "requested_by": "eng01", "toolcall": {"tool": "Deployment", "action": "deploy", "params": {"env": "staging"}}}
{"ts": "2025-12-14T12:34:32.664175", "approval_id": "1d0201d2-4e34-42c9-9c0a-a9640d36dd30", "event": "approved", "approved_by": "mgr01", "requested_by": "eng01", "toolcall": {"tool": "Deployment", "action": "deploy", "params": {"env": "staging"}}}
{"ts": "2025-12-14T12:40:26.031050", "approval_id": "14aaaf94-f618-429c-8bef-d2ec8e2268bd", "event": "requested", "requested_by": "it01", "toolcall": {"tool": "Deployment", "action": "deploy", "params": {"env": "staging"}}}
{"ts": "2025-12-14T12:40:26.031489", "approval_id": "14aaaf94-f618-429c-8bef-d2ec8e2268bd", "event": "approved", "approved_by": "mgr01", "requested_by": "it01", "toolcall": {"tool": "Deployment", "action": "deploy", "params": {"env": "staging"}}}
{"ts": "2025-12-14T12:40:26.035818", "approval_id": "fb5a9ed8-a127-4eb6-bd58-b9eb684ed207", "event": "requested", "requested_by": "eng01", "toolcall": {"tool": "Deployment", "action": "deploy", "params": {"env": "staging"}}}
{"ts": "2025-12-14T12:40:26.036161", "approval_id": "fb5a9ed8-a127-4eb6-bd58-b9eb684ed207", "event": "approved", "approved_by": "mgr01", "requested_by": "eng01", "toolcall": {"tool": "Deployment", "action": "deploy", "params": {"env": "staging"}}}
{"ts": "2025-12-14T13:25:41.083981", "approval_id": "bfeaf81c-e800-43a8-9216-529fc2fa8066", "event": "requested", "requested_by": "it01", "toolcall": {"tool": "Deployment", "action": "deploy", "params": {"env": "staging"}}}
{"ts": "2025-12-14T13:25:41.088854", "approval_id": "df6f6d1e-b33b-49cb-ab2a-343e9b4e995b", "event": "requested", "requested_by": "eng01", "toolcall": {"tool": "Deployment", "action": "deploy", "params": {}}}
{"ts": "2025-12-14T13:25:41.090643", "approval_id": "16640d44-0dd6-49f5-bc98-fb3578ebb15a", "event": "requested", "requested_by": "eng01", "toolcall": {"tool": "Deployment", "action": "deploy", "params": {"env": "staging"}}}
{"ts": "2025-12-14T13:25:41.091275", "approval_id": "16640d44-0dd6-49f5-bc98-fb3578ebb15a", "event": "approved", "approved_by": "mgr01", "requested_by": "eng01", "toolcall": {"tool": "Deployment", "action": "deploy", "params": {"env": "staging"}}}
{"ts": "2025-12-14T13:27:09.319503", "approval_id": "868a73f2-093b-4e8b-a90b-2b7c294ef19f", "event": "requested", "requested_by": "it01", "toolcall": {"tool": "Deployment", "action": "deploy", "params": {"env": "staging"}}}
{"ts": "2025-12-14T13:27:09.324014", "approval_id": "e35241d6-69f3-4ef6-ade8-f8c248019da9", "event": "requested", "requested_by": "eng01", "toolcall": {"tool": "Deployment", "action": "deploy", "params": {}}}
{"ts": "2025-12-14T13:27:09.325885", "approval_id": "49551b41-14d6-4358-84e8-f1b7e300604c", "event": "requested", "requested_by": "eng01", "toolcall": {"tool": "Deployment", "action": "deploy", "params": {"env": "staging"}}}
{"ts": "2025-12-14T13:27:09.326489", "approval_id": "49551b41-14d6-4358-84e8-f1b7e300604c", "event": "approved", "approved_by": "mgr01", "requested_by": "eng01", "toolcall": {"tool": "Deployment", "action": "deploy", "params": {"env": "staging"}}}
{"ts": "2025-12-14T13:28:31.875820", "approval_id": "07ff44d0-f0a5-465b-881e-a19890292513", "event": "requested", "requested_by": "it01", "toolcall": {"tool": "Deployment", "action": "deploy", "params": {"env": "staging"}}}
{"ts": "2025-12-14T13:28:31.879218", "approval_id": "ca946156-38d4-496c-8c47-00325dfcfbaf", "event": "requested", "requested_by": "eng01", "toolcall": {"tool": "Deployment", "action": "deploy", "params": {}}}
{"ts": "2025-12-14T13:28:31.881059", "approval_id": "069c8992-d94f-494b-bbdb-87bcc733f6f9", "event": "requested", "requested_by": "eng01", "toolcall": {"tool": "Deployment", "action": "deploy", "params": {"env": "staging"}}}
{"ts": "2025-12-14T13:28:31.881575", "approval_id": "069c8992-d94f-494b-bbdb-87bcc733f6f9", "event": "approved", "approved_by": "mgr01", "requested_by": "eng01", "toolcall": {"tool": "Deployment", "action": "deploy", "params": {"env": "staging"}}}
{"ts": "2025-12-14T13:29:27.315752", "approval_id": "9cbe9998-fa59-485c-9f89-2ef77b47cd81", "event": "requested", "requested_by": "it01", "toolcall": {"tool": "Deployment", "action": "deploy", "params": {"env": "staging"}}}
{"ts": "2025-12-14T13:29:27.319201", "approval_id": "489999e4-e3ce-4e16-83fb-3facb2522dae", "event": "requested", "requested_by": "eng01", "toolcall": {"tool": "Deployment", "action": "deploy", "params": {}}}
{"ts": "2025-12-14T13:29:27.320994", "approval_id": "51c844cb-8774-4b9e-8c24-071162ccd95a", "event": "requested", "requested_by": "eng01", "toolcall": {"tool": "Deployment", "action": "deploy", "params": {"env": "staging"}}}
{"ts": "2025-12-14T13:29:27.321505", "approval_id": "51c844cb-8774-4b9e-8c24-071162ccd95a", "event": "approved", "approved_by": "mgr01", "requested_by": "eng01", "toolcall": {"tool": "Deployment", "action": "deploy", "params": {"env": "staging"}}}
{"ts": "2025-12-14T13:33:31.423102", "approval_id": "7476932e-a291-40b8-8088-f92e5ef4ce67", "event": "requested", "requested_by": "it01", "toolcall": {"tool": "Deployment", "action": "deploy", "params": {"env": "staging"}}}
{"ts": "2025-12-14T13:33:31.423643", "approval_id": "7476932e-a291-40b8-8088-f92e5ef4ce67", "event": "approved", "approved_by": "mgr01", "requested_by": "it01", "toolcall": {"tool": "Deployment", "action": "deploy", "params": {"env": "staging"}}}
{"ts": "2025-12-14T13:33:31.430306", "approval_id": "0031214f-ad63-4346-89fc-8ad1633ccb47", "event": "requested", "requested_by": "eng01", "toolcall": {"tool": "Deployment", "action": "deploy", "params": {"env": "staging"}}}
{"ts": "2025-12-14T13:33:31.431172", "approval_id": "0031214f-ad63-4346-89fc-8ad1633ccb47", "event": "approved", "approved_by": "mgr01", "requested_by": "eng01", "toolcall": {"tool": "Deployment", "action": "deploy", "params": {"env": "staging"}}}
{"ts": "2025-12-14T13:41:22.754389", "approval_id": "6d25736f-3df1-4b5e-8905-e1203e81757d", "event": "requested", "requested_by": "it01", "toolcall": {"tool": "Deployment", "action": "deploy", "params": {"env": "staging"}}}
{"ts": "2025-12-14T13:41:22.755011", "approval_id": "6d25736f-3df1-4b5e-8905-e1203e81757d", "event": "approved", "approved_by": "mgr01", "requested_by": "it01", "toolcall": {"tool": "Deployment", "action": "deploy", "params": {"env": "staging"}}}
{"ts": "2025-12-14T13:41:22.761946", "approval_id": "d609d0a4-b723-4c6d-898a-7746c9165b1b", "event": "requested", "requested_by": "eng01", "toolcall": {"tool": "Deployment", "action": "deploy", "params": {"env": "staging"}}}
{"ts": "2025-12-14T13:41:22.762561", "approval_id": "d609d0a4-b723-4c6d-898a-7746c9165b1b", "event": "approved", "approved_by": "mgr01", "requested_by": "eng01", "toolcall": {"tool": "Deployment", "action": "deploy", "params": {"env": "staging"}}}
{"ts": "2025-12-14T13:57:19.154539", "approval_id": "80fe4534-8e60-4acb-8489-08ce81e63d11", "event": "requested", "requested_by": "it01", "toolcall": {"tool": "Deployment", "action": "deploy", "params": {"env": "staging"}}}
{"ts": "2025-12-14T13:57:19.155188", "approval_id": "80fe4534-8e60-4acb-8489-08ce81e63d11", "event": "approved", "approved_by": "mgr01", "requested_by": "it01", "toolcall": {"tool": "Deployment", "action": "deploy", "params": {"env": "staging"}}}
{"ts": "2025-12-14T13:57:19.162155", "approval_id": "830f2702-c297-4281-a0fb-7fcd699ae5bd", "event": "requested", "requested_by": "eng01", "toolcall": {"tool": "Deployment", "action": "deploy", "params": {"env": "staging"}}}
{"ts": "2025-12-14T13:57:19.162938", "approval_id": "830f2702-c297-4281-a0fb-7fcd699ae5bd", "event": "approved", "approved_by": "mgr01", "requested_by": "eng01", "toolcall": {"tool": "Deployment", "action": "deploy", "params": {"env": "staging"}}}
{"ts": "2025-12-14T14:36:30.970366", "approval_id": "d3712c0c-5647-4de9-8aa4-51be65ef314d", "event": "requested", "requested_by": "it01", "toolcall": {"tool": "Deployment", "action": "deploy", "params": {"env": "staging"}}}
{"ts": "2025-12-14T14:36:30.971048", "approval_id": "d3712c0c-5647-4de9-8aa4-51be65ef314d", "event": "approved", "approved_by": "mgr01", "requested_by": "it01", "toolcall": {"tool": "Deployment", "action": "deploy", "params": {"env": "staging"}}}
{"ts": "2025-12-14T14:36:30.978059", "approval_id": "6088501b-2829-47e0-b077-563fbf28497c", "event": "requested", "requested_by": "eng01", "toolcall": {"tool": "Deployment", "action": "deploy", "params": {"env": "staging"}}}
{"ts": "2025-12-14T14:36:30.978686", "approval_id": "6088501b-2829-47e0-b077-563fbf28497c", "event": "approved", "approved_by": "mgr01", "requested_by": "eng01", "toolcall": {"tool": "Deployment", "action": "deploy", "params": {"env": "staging"}}}
{"ts": "2025-12-14T14:42:09.442095", "approval_id": "9f42183d-7604-4081-8450-0874d54f3ab7", "event": "requested", "requested_by": "it01", "toolcall": {"tool": "Deployment", "action": "deploy", "params": {"env": "staging"}}}
{"ts": "2025-12-14T14:42:09.442832", "approval_id": "9f42183d-7604-4081-8450-0874d54f3ab7", "event": "approved", "approved_by": "mgr01", "requested_by": "it01", "toolcall": {"tool": "Deployment", "action": "deploy", "params": {"env": "staging"}}}
{"ts": "2025-12-14T14:42:09.450203", "approval_id": "9a31d1a1-1389-4acc-9900-b988cc0f49ea", "event": "requested", "requested_by": "eng01", "toolcall": {"tool": "Deployment", "action": "deploy", "params": {"env": "staging"}}}
{"ts": "2025-12-14T14:42:09.450837", "approval_id": "9a31d1a1-1389-4acc-9900-b988cc0f49ea", "event": "approved", "approved_by": "mgr01", "requested_by": "eng01", "toolcall": {"tool": "Deployment", "action": "deploy", "params": {"env": "staging"}}}
{"ts": "2025-12-14T14:42:29.416119", "approval_id": "1cc4167f-f1f7-4106-8385-1354ef1b0909", "event": "requested", "requested_by": "it01", "toolcall": {"tool": "Deployment", "action": "deploy", "params": {"env": "staging"}}}
{"ts": "2025-12-14T14:42:29.417176", "approval_id": "1cc4167f-f1f7-4106-8385-1354ef1b0909", "event": "approved", "approved_by": "mgr01", "requested_by": "it01", "toolcall": {"tool": "Deployment", "action": "deploy", "params": {"env": "staging"}}}
{"ts": "2025-12-14T14:42:29.425732", "approval_id": "24e29fea-c182-4dd9-8bec-c10ca47063a0", "event": "requested", "requested_by": "eng01", "toolcall": {"tool": "Deployment", "action": "deploy", "params": {"env": "staging"}}}
{"ts": "2025-12-14T14:42:29.426905", "approval_id": "24e29fea-c182-4dd9-8bec-c10ca47063a0", "event": "approved", "approved_by": "mgr01", "requested_by": "eng01", "toolcall": {"tool": "Deployment", "action": "deploy", "params": {"env": "staging"}}}
{"ts": "2025-12-14T14:56:46.542900", "approval_id": "a64eaa5f-d95d-4828-a2f3-4bc95904f53e", "event": "requested", "requested_by": "it01", "toolcall": {"tool": "Deployment", "action": "deploy", "params": {"env": "staging"}}}
{"ts": "2025-12-14T14:56:46.543891", "approval_id": "a64eaa5f-d95d-4828-a2f3-4bc95904f53e", "event": "approved", "approved_by": "mgr01", "requested_by": "it01", "toolcall": {"tool": "Deployment", "action": "deploy", "params": {"env": "staging"}}}
{"ts": "2025-12-14T14:56:46.549156", "approval_id": "3f80ce2a-0b83-43ca-9f96-75467115c8ce", "event": "requested", "requested_by": "eng01", "toolcall": {"tool": "Deployment", "action": "deploy", "params": {"env": "staging"}}}
{"ts": "2025-12-14T14:56:46.550049", "approval_id": "3f80ce2a-0b83-43ca-9f96-75467115c8ce", "event": "approved", "approved_by": "mgr01", "requested_by": "eng01", "toolcall": {"tool": "Deployment", "action": "deploy", "params": {"env": "staging"}}}
{"ts": "2025-12-14T14:56:55.557948", "approval_id": "862c4404-0c41-4bde-8cd8-fae2470de9ee", "event": "requested", "requested_by": "it01", "toolcall": {"tool": "Deployment", "action": "deploy", "params": {"env": "staging"}}}
{"ts": "2025-12-14T14:56:55.563435", "approval_id": "f17867c7-a8ea-4675-89ba-51ee03759419", "event": "requested", "requested_by": "eng01", "toolcall": {"tool": "Deployment", "action": "deploy", "params": {}}}
{"ts": "2025-12-14T14:56:55.565165", "approval_id": "27e01615-e30f-4a79-bfae-e98704afb31b", "event": "requested", "requested_by": "eng01", "toolcall": {"tool": "Deployment", "action": "deploy", "params": {"env": "staging"}}}
{"ts": "2025-12-14T14:56:55.565686", "approval_id": "27e01615-e30f-4a79-bfae-e98704afb31b", "event": "approved", "approved_by": "mgr01", "requested_by": "eng01", "toolcall": {"tool": "Deployment", "action": "deploy", "params": {"env": "staging"}}}
{"ts": "2025-12-14T14:58:18.880897", "approval_id": "06ab9ad8-35f2-46b1-ab21-0f2f39366b5b", "event": "requested", "requested_by": "it01", "toolcall": {"tool": "Deployment", "action": "deploy", "params": {"env": "staging"}}}
{"ts": "2025-12-14T14:58:18.884727", "approval_id": "6ca8e147-31cb-4997-8d65-2fa8c822bd8d", "event": "requested", "requested_by": "eng01", "toolcall": {"tool": "Deployment", "action": "deploy", "params": {}}}
{"ts": "2025-12-14T14:58:18.886479", "approval_id": "5b85f3c2-1f7b-48a4-b221-542321d3a1d1", "event": "requested", "requested_by": "eng01", "toolcall": {"tool": "Deployment", "action": "deploy", "params": {"env": "staging"}}}
{"ts": "2025-12-14T14:58:18.886980", "approval_id": "5b85f3c2-1f7b-48a4-b221-542321d3a1d1", "event": "approved", "approved_by": "mgr01", "requested_by": "eng01", "toolcall": {"tool": "Deployment", "action": "deploy", "params": {"env": "staging"}}}
{"ts": "2025-12-14T14:58:51.686652", "approval_id": "1fdb5c11-b9e9-43e7-ba62-3407bb4cb08f", "event": "requested", "requested_by": "it01", "toolcall": {"tool": "Deployment", "action": "deploy", "params": {"env": "staging"}}}
{"ts": "2025-12-14T14:58:51.690527", "approval_id": "07bb8e29-c043-4452-a1bd-c72a227d9220", "event": "requested", "requested_by": "eng01", "toolcall": {"tool": "Deployment", "action": "deploy", "params": {}}}
{"ts": "2025-12-14T14:58:51.692321", "approval_id": "7aee4613-3b72-4852-985c-521e2b35cd08", "event": "requested", "requested_by": "eng01", "toolcall": {"tool": "Deployment", "action": "deploy", "params": {"env": "staging"}}}
{"ts": "2025-12-14T14:58:51.692844", "approval_id": "7aee4613-3b72-4852-985c-521e2b35cd08", "event": "approved", "approved_by": "mgr01", "requested_by": "eng01", "toolcall": {"tool": "Deployment", "action": "deploy", "params": {"env": "staging"}}}
{"ts": "2025-12-14T15:01:07.495068", "approval_id": "0aa6e065-5d26-4847-8324-9a283bc59962", "event": "requested", "requested_by": "it01", "toolcall": {"tool": "Deployment", "action": "deploy", "params": {"env": "staging"}}}
{"ts": "2025-12-14T15:01:07.498974", "approval_id": "cba91285-67e4-4cd7-ae38-574abb5b0c69", "event": "requested", "requested_by": "eng01", "toolcall": {"tool": "Deployment", "action": "deploy", "params": {}}}
{"ts": "2025-12-14T15:01:07.500711", "approval_id": "8c97b308-7676-491d-9f6c-5098c4b848b8", "event": "requested", "requested_by": "eng01", "toolcall": {"tool": "Deployment", "action": "deploy", "params": {"env": "staging"}}}
{"ts": "2025-12-14T15:01:07.501211", "approval_id": "8c97b308-7676-491d-9f6c-5098c4b848b8", "event": "approved", "approved_by": "mgr01", "requested_by": "eng01", "toolcall": {"tool": "Deployment", "action": "deploy", "params": {"env": "staging"}}}
{"ts": "2025-12-14T15:02:30.252990", "approval_id": "534d409b-0188-440b-ab30-ecb1e265fc7a", "event": "requested", "requested_by": "it01", "toolcall": {"tool": "Deployment", "action": "deploy", "params": {"env": "staging"}}}
{"ts": "2025-12-14T15:02:30.257547", "approval_id": "548a4f59-46ed-4134-ad63-d142b3590d47", "event": "requested", "requested_by": "eng01", "toolcall": {"tool": "Deployment", "action": "deploy", "params": {}}}
{"ts": "2025-12-14T15:02:30.259285", "approval_id": "85a6d124-7351-46da-b8ef-b364adb8a98e", "event": "requested", "requested_by": "eng01", "toolcall": {"tool": "Deployment", "action": "deploy", "params": {"env": "staging"}}}
{"ts": "2025-12-14T15:02:30.259919", "approval_id": "85a6d124-7351-46da-b8ef-b364adb8a98e", "event": "approved", "approved_by": "mgr01", "requested_by": "eng01", "toolcall": {"tool": "Deployment", "action": "deploy", "params": {"env": "staging"}}}
{"ts": "2025-12-14T15:12:06.240926", "approval_id": "899297fa-1ed5-46dc-911a-d00012856bde", "event": "requested", "requested_by": "it01", "toolcall": {"tool": "Deployment", "action": "deploy", "params": {"env": "staging"}}}
{"ts": "2025-12-14T15:12:06.242453", "approval_id": "899297fa-1ed5-46dc-911a-d00012856bde", "event": "approved", "approved_by": "mgr01", "requested_by": "it01", "toolcall": {"tool": "Deployment", "action": "deploy", "params": {"env": "staging"}}}
{"ts": "2025-12-14T15:12:06.247599", "approval_id": "27a6386b-b3d5-4018-bd83-20d10ddb920a", "event": "requested", "requested_by": "eng01", "toolcall": {"tool": "Deployment", "action": "deploy", "params": {"env": "staging"}}}
{"ts": "2025-12-14T15:12:06.248108", "approval_id": "27a6386b-b3d5-4018-bd83-20d10ddb920a", "event": "approved", "approved_by": "mgr01", "requested_by": "eng01", "toolcall": {"tool": "Deployment", "action": "deploy", "params": {"env": "staging"}}}
{"ts": "2025-12-14T15:12:14.794966", "approval_id": "15b59dd1-a671-421e-acfc-a02ff0342bb0", "event": "requested", "requested_by": "it01", "toolcall": {"tool": "Deployment", "action": "deploy", "params": {"env": "staging"}}}
{"ts": "2025-12-14T15:12:14.798696", "approval_id": "4768ecc9-2545-4f57-bc76-b0b3a319cb61", "event": "requested", "requested_by": "eng01", "toolcall": {"tool": "Deployment", "action": "deploy", "params": {}}}
{"ts": "2025-12-14T15:12:14.800409", "approval_id": "d0200f7b-6eb0-4ea7-88ba-290556bca855", "event": "requested", "requested_by": "eng01", "toolcall": {"tool": "Deployment", "action": "deploy", "params": {"env": "staging"}}}
{"ts": "2025-12-14T15:12:14.800904", "approval_id": "d0200f7b-6eb0-4ea7-88ba-290556bca855", "event": "approved", "approved_by": "mgr01", "requested_by": "eng01", "toolcall": {"tool": "Deployment", "action": "deploy", "params": {"env": "staging"}}}
{"ts": "2025-12-15T06:17:49.244816", "approval_id": "cfb04ce0-477c-492d-9991-0537834089e2", "event": "requested", "requested_by": "it01", "toolcall": {"tool": "Deployment", "action": "deploy", "params": {"env": "staging"}}}
{"ts": "2025-12-15T06:17:49.248833", "approval_id": "3c6075df-41c1-469f-b4dc-9c931e567248", "event": "requested", "requested_by": "eng01", "toolcall": {"tool": "Deployment", "action": "deploy", "params": {}}}
{"ts": "2025-12-15T06:17:49.250538", "approval_id": "83d263b4-57f8-4519-8d4d-22bd3348c100", "event": "requested", "requested_by": "eng01", "toolcall": {"tool": "Deployment", "action": "deploy", "params": {"env": "staging"}}}
{"ts": "2025-12-15T06:17:49.251020", "approval_id": "83d263b4-57f8-4519-8d4d-22bd3348c100", "event": "approved", "approved_by": "mgr01", "requested_by": "eng01", "toolcall": {"tool": "Deployment", "action": "deploy", "params": {"env": "staging"}}}
{"ts": "2025-12-15T06:17:55.004944", "approval_id": "ba9b6a7c-5d05-4a9b-9ea4-fe106f4c816f", "event": "requested", "requested_by": "it01", "toolcall": {"tool": "Deployment", "action": "deploy", "params": {"env": "staging"}}}
{"ts": "2025-12-15T06:17:55.005454", "approval_id": "ba9b6a7c-5d05-4a9b-9ea4-fe106f4c816f", "event": "approved", "approved_by": "mgr01", "requested_by": "it01", "toolcall": {"tool": "Deployment", "action": "deploy", "params": {"env": "staging"}}}
{"ts": "2025-12-15T06:17:55.011444", "approval_id": "c9545687-0e70-4406-9312-062f99494421", "event": "requested", "requested_by": "eng01", "toolcall": {"tool": "Deployment", "action": "deploy", "params": {"env": "staging"}}}
{"ts": "2025-12-15T06:17:55.012086", "approval_id": "c9545687-0e70-4406-9312-062f99494421", "event": "approved", "approved_by": "mgr01", "requested_by": "eng01", "toolcall": {"tool": "Deployment", "action": "deploy", "params": {"env": "staging"}}}
