{"ts": "2025-12-13T21:08:43.324766", "user": "it01", "toolcall": {"tool": "Deployment", "action": "deploy", "params": {"env": "staging"}}, "decision": "pending_approval", "message": "Action requires approval"}
{"ts": "2025-12-13T21:08:43.324875", "user": "sales01", "toolcall": {"tool": "Deployment", "action": "deploy", "params": {"env": "staging"}}, "decision": "denied", "message": "Not authorized to perform tool call"}
{"ts": "2025-12-13T21:08:43.325369", "user": "eng01", "toolcall": {"tool": "DB", "action": "migrate", "params": {"script": "alter table"}}, "decision": "denied", "message": "Not authorized to perform tool call"}
{"ts": "2025-12-13T21:08:43.329553", "user": "eng01", "toolcall": {"tool": "Deployment", "action": "deploy", "params": {"env": "staging"}}, "decision": "pending_approval", "message": "Action requires approval"}
{"ts": "2025-12-13T21:08:43.329893", "user": "eng01", "toolcall": {"tool": "Deployment", "action": "deploy", "params": {"env": "staging", "approval_id": "1335412e-8a95-40b2-aad5-6de5f7d9b984"}}, "decision": "ok", "message": null}
{"ts": "2025-12-13T21:08:50.056846", "user": "sales01", "toolcall": {"tool": "FileSystem", "action": "read_file", "params": {"path": "/Engineering/secret.txt"}}, "decision": "denied", "message": "Not authorized to perform tool call"}
{"ts": "2025-12-13T21:08:50.058084", "user": "eng01", "toolcall": {"tool": "GitHub", "action": "write_code", "params": {"repo": "main", "content": "x"}}, "decision": "ok", "message": null}
{"ts": "2025-12-14T10:27:29.035143", "user": "it01", "toolcall": {"tool": "Deployment", "action": "deploy", "params": {"env": "staging"}}, "decision": "pending_approval", "message": "Action requires approval"}
{"ts": "2025-12-14T10:27:29.035296", "user": "sales01", "toolcall": {"tool": "Deployment", "action": "deploy", "params": {"env": "staging"}}, "decision": "denied", "message": "Not authorized to perform tool call"}
{"ts": "2025-12-14T10:27:29.035721", "user": "eng01", "toolcall": {"tool": "DB", "action": "migrate", "params": {"script": "alter table"}}, "decision": "denied", "message": "Not authorized to perform tool call"}
{"ts": "2025-12-14T10:36:42.116201", "user": "it01", "toolcall": {"tool": "GitHub", "action": "read_repo", "params": {"repo": "main"}}, "decision": "ok", "message": null}
{"ts": "2025-12-14T10:36:42.116777", "user": "it01", "toolcall": {"tool": "FileSystem", "action": "read_file", "params": {"path": "/IT/logs.txt"}}, "decision": "ok", "message": null}
{"ts": "2025-12-14T10:36:42.239662", "user": "it01", "toolcall": {"tool": "Deployment", "action": "deploy", "params": {"env": "staging"}}, "decision": "pending_approval", "message": "Action requires approval"}
{"ts": "2025-12-14T10:36:42.240164", "user": "it01", "toolcall": {"tool": "Deployment", "action": "deploy", "params": {"env": "staging", "approval_id": "e795f16d-742c-498e-820e-f706feb41227"}}, "decision": "ok", "message": null}
{"ts": "2025-12-14T10:36:42.263609", "user": "eng01", "toolcall": {"tool": "GitHub", "action": "write_code", "params": {"repo": "main", "content": "README content"}}, "decision": "ok", "message": null}
{"ts": "2025-12-14T10:36:42.270685", "user": "eng01", "toolcall": {"tool": "GitHub", "action": "write_code", "params": {"repo": "main", "content": "README content"}}, "decision": "ok", "message": null}
{"ts": "2025-12-14T10:36:42.300358", "user": "eng01", "toolcall": {"tool": "GitHub", "action": "write_code", "params": {"repo": "main", "content": "README content"}}, "decision": "ok", "message": null}
{"ts": "2025-12-14T10:36:42.308802", "user": "sales01", "toolcall": {"tool": "FileSystem", "action": "read_file", "params": {"path": "/Sales/proposal.docx"}}, "decision": "ok", "message": null}
{"ts": "2025-12-14T10:36:42.317268", "user": "sales01", "toolcall": {"tool": "CRM", "action": "create_lead", "params": {"lead": {"source": "genai"}}}, "decision": "ok", "message": null}
{"ts": "2025-12-14T10:36:42.442640", "user": "sales01", "toolcall": {"tool": "GitHub", "action": "write_code", "params": {"repo": "main", "content": "x"}}, "decision": "denied", "message": "Not authorized to perform tool call"}
{"ts": "2025-12-14T10:36:42.442840", "user": "eng01", "toolcall": {"tool": "FileSystem", "action": "read_file", "params": {"path": "/Sales/proposal.docx"}}, "decision": "denied", "message": "Not authorized to perform tool call"}
{"ts": "2025-12-14T10:36:42.442949", "user": "it01", "toolcall": {"tool": "FileSystem", "action": "read_file", "params": {"path": "/Engineering/../IT/secret.txt"}}, "decision": "denied", "message": "Not authorized to perform tool call"}
{"ts": "2025-12-14T10:36:42.443425", "user": "eng01", "toolcall": {"tool": "Deployment", "action": "deploy", "params": {"env": "staging"}}, "decision": "pending_approval", "message": "Action requires approval"}
{"ts": "2025-12-14T10:36:42.443785", "user": "eng01", "toolcall": {"tool": "Deployment", "action": "deploy", "params": {"env": "staging", "approval_id": "bb86ae52-882f-4f89-8572-7e8cc01fad41"}}, "decision": "ok", "message": null}
{"ts": "2025-12-14T10:36:42.443842", "user": "sales01", "toolcall": {"tool": "FileSystem", "action": "read_file", "params": {"path": "/Engineering/secret.txt"}}, "decision": "denied", "message": "Not authorized to perform tool call"}
{"ts": "2025-12-14T11:08:00.043685", "user": "it01", "toolcall": {"tool": "Deployment", "action": "deploy", "params": {"env": "staging"}}, "decision": "pending_approval", "message": "Action requires approval"}
{"ts": "2025-12-14T11:08:00.043746", "user": "sales01", "toolcall": {"tool": "Deployment", "action": "deploy", "params": {"env": "staging"}}, "decision": "denied", "message": "Not authorized to perform tool call"}
{"ts": "2025-12-14T11:08:00.044192", "user": "eng01", "toolcall": {"tool": "DB", "action": "migrate", "params": {"script": "alter table"}}, "decision": "denied", "message": "Not authorized to perform tool call"}
{"ts": "2025-12-14T11:08:00.048766", "user": "eng01", "toolcall": {"tool": "Deployment", "action": "deploy", "params": {"env": "staging"}}, "decision": "pending_approval", "message": "Action requires approval"}
{"ts": "2025-12-14T11:08:00.049126", "user": "eng01", "toolcall": {"tool": "Deployment", "action": "deploy", "params": {"env": "staging", "approval_id": "831b3c7b-9ac9-463e-aeb1-b4bbbf89191b"}}, "decision": "ok", "message": null}
{"ts": "2025-12-14T11:09:52.846242", "user": "it01", "toolcall": {"tool": "GitHub", "action": "read_repo", "params": {"repo": "main"}}, "decision": "ok", "message": null}
{"ts": "2025-12-14T11:09:52.846689", "user": "it01", "toolcall": {"tool": "FileSystem", "action": "read_file", "params": {"path": "/IT/logs.txt"}}, "decision": "ok", "message": null}
{"ts": "2025-12-14T11:10:00.862471", "user": "it01", "toolcall": {"tool": "Deployment", "action": "deploy", "params": {"env": "staging"}}, "decision": "pending_approval", "message": "Action requires approval"}
{"ts": "2025-12-14T11:10:00.862965", "user": "it01", "toolcall": {"tool": "Deployment", "action": "deploy", "params": {"env": "staging", "approval_id": "dcb2d8e6-70c1-4557-a825-7a1286a86ecd"}}, "decision": "ok", "message": null}
{"ts": "2025-12-14T11:10:06.326086", "user": "eng01", "toolcall": {"tool": "GitHub", "action": "write_code", "params": {"repo": "main", "content": "README content"}}, "decision": "ok", "message": null}
{"ts": "2025-12-14T11:10:10.437155", "user": "eng01", "toolcall": {"tool": "GitHub", "action": "write_code", "params": {"repo": "main", "content": "README content"}}, "decision": "ok", "message": null}
{"ts": "2025-12-14T11:10:20.217536", "user": "sales01", "toolcall": {"tool": "FileSystem", "action": "read_file", "params": {"path": "/Sales/proposal.docx"}}, "decision": "ok", "message": null}
{"ts": "2025-12-14T11:10:24.292818", "user": "sales01", "toolcall": {"tool": "CRM", "action": "create_lead", "params": {"lead": {"source": "genai"}}}, "decision": "ok", "message": null}
{"ts": "2025-12-14T11:10:55.341660", "user": "sales01", "toolcall": {"tool": "GitHub", "action": "write_code", "params": {"repo": "main", "content": "x"}}, "decision": "denied", "message": "Not authorized to perform tool call"}
{"ts": "2025-12-14T11:10:55.341964", "user": "eng01", "toolcall": {"tool": "FileSystem", "action": "read_file", "params": {"path": "/Sales/proposal.docx"}}, "decision": "denied", "message": "Not authorized to perform tool call"}
{"ts": "2025-12-14T11:10:55.342083", "user": "it01", "toolcall": {"tool": "FileSystem", "action": "read_file", "params": {"path": "/Engineering/../IT/secret.txt"}}, "decision": "denied", "message": "Not authorized to perform tool call"}
{"ts": "2025-12-14T11:10:55.342736", "user": "eng01", "toolcall": {"tool": "Deployment", "action": "deploy", "params": {"env": "staging"}}, "decision": "pending_approval", "message": "Action requires approval"}
{"ts": "2025-12-14T11:10:55.343172", "user": "eng01", "toolcall": {"tool": "Deployment", "action": "deploy", "params": {"env": "staging", "approval_id": "caf53c69-b4a8-4aca-b763-ef874c44321b"}}, "decision": "ok", "message": null}
{"ts": "2025-12-14T11:10:55.343238", "user": "sales01", "toolcall": {"tool": "FileSystem", "action": "read_file", "params": {"path": "/Engineering/secret.txt"}}, "decision": "denied", "message": "Not authorized to perform tool call"}
{"ts": "2025-12-14T11:12:06.821092", "user": "it01", "toolcall": {"tool": "GitHub", "action": "read_repo", "params": {"repo": "main"}}, "decision": "ok", "message": null}
{"ts": "2025-12-14T11:12:06.821489", "user": "it01", "toolcall": {"tool": "FileSystem", "action": "read_file", "params": {"path": "/IT/logs.txt"}}, "decision": "ok", "message": null}
{"ts": "2025-12-14T11:12:14.633702", "user": "it01", "toolcall": {"tool": "Deployment", "action": "deploy", "params": {"env": "staging"}}, "decision": "pending_approval", "message": "Action requires approval"}
{"ts": "2025-12-14T11:12:14.634287", "user": "it01", "toolcall": {"tool": "Deployment", "action": "deploy", "params": {"env": "staging", "approval_id": "f0e55578-472b-4d0b-88b0-c47ad49ec9c2"}}, "decision": "ok", "message": null}
{"ts": "2025-12-14T11:12:18.993730", "user": "eng01", "toolcall": {"tool": "GitHub", "action": "write_code", "params": {"repo": "main", "content": "README content"}}, "decision": "ok", "message": null}
{"ts": "2025-12-14T11:12:22.524052", "user": "eng01", "toolcall": {"tool": "GitHub", "action": "write_code", "params": {"repo": "main", "content": "README content"}}, "decision": "ok", "message": null}
{"ts": "2025-12-14T11:12:31.812343", "user": "sales01", "toolcall": {"tool": "FileSystem", "action": "read_file", "params": {"path": "/Sales/proposal.docx"}}, "decision": "ok", "message": null}
{"ts": "2025-12-14T11:12:35.753347", "user": "sales01", "toolcall": {"tool": "CRM", "action": "create_lead", "params": {"lead": {"source": "genai"}}}, "decision": "ok", "message": null}
{"ts": "2025-12-14T11:13:07.147038", "user": "sales01", "toolcall": {"tool": "GitHub", "action": "write_code", "params": {"repo": "main", "content": "x"}}, "decision": "denied", "message": "Not authorized to perform tool call"}
{"ts": "2025-12-14T11:13:07.147405", "user": "eng01", "toolcall": {"tool": "FileSystem", "action": "read_file", "params": {"path": "/Sales/proposal.docx"}}, "decision": "denied", "message": "Not authorized to perform tool call"}
{"ts": "2025-12-14T11:13:07.147513", "user": "it01", "toolcall": {"tool": "FileSystem", "action": "read_file", "params": {"path": "/Engineering/../IT/secret.txt"}}, "decision": "denied", "message": "Not authorized to perform tool call"}
{"ts": "2025-12-14T11:13:07.148293", "user": "eng01", "toolcall": {"tool": "Deployment", "action": "deploy", "params": {"env": "staging"}}, "decision": "pending_approval", "message": "Action requires approval"}
{"ts": "2025-12-14T11:13:07.148708", "user": "eng01", "toolcall": {"tool": "Deployment", "action": "deploy", "params": {"env": "staging", "approval_id": "06e93210-9bcb-44bb-9bac-26717296b7bb"}}, "decision": "ok", "message": null}
{"ts": "2025-12-14T11:13:07.148772", "user": "sales01", "toolcall": {"tool": "FileSystem", "action": "read_file", "params": {"path": "/Engineering/secret.txt"}}, "decision": "denied", "message": "Not authorized to perform tool call"}
{"ts": "2025-12-14T11:15:25.938383", "user": "it01", "toolcall": {"tool": "GitHub", "action": "read_repo", "params": {"repo": "main"}}, "decision": "ok", "message": null}
{"ts": "2025-12-14T11:15:25.938828", "user": "it01", "toolcall": {"tool": "FileSystem", "action": "read_file", "params": {"path": "/IT/logs.txt"}}, "decision": "ok", "message": null}
{"ts": "2025-12-14T11:15:34.498287", "user": "it01", "toolcall": {"tool": "Deployment", "action": "deploy", "params": {"env": "staging"}}, "decision": "pending_approval", "message": "Action requires approval"}
{"ts": "2025-12-14T11:15:34.498769", "user": "it01", "toolcall": {"tool": "Deployment", "action": "deploy", "params": {"env": "staging", "approval_id": "4b75a494-b430-43fb-98f0-751cf6cd2481"}}, "decision": "ok", "message": null}
{"ts": "2025-12-14T11:15:38.663372", "user": "eng01", "toolcall": {"tool": "GitHub", "action": "write_code", "params": {"repo": "main", "content": "README content"}}, "decision": "ok", "message": null}
{"ts": "2025-12-14T11:15:42.827363", "user": "eng01", "toolcall": {"tool": "GitHub", "action": "write_code", "params": {"repo": "main", "content": "README content"}}, "decision": "ok", "message": null}
{"ts": "2025-12-14T11:15:53.686591", "user": "sales01", "toolcall": {"tool": "FileSystem", "action": "read_file", "params": {"path": "/Sales/proposal.docx"}}, "decision": "ok", "message": null}
{"ts": "2025-12-14T11:15:58.255472", "user": "sales01", "toolcall": {"tool": "CRM", "action": "create_lead", "params": {"lead": {"source": "genai"}}}, "decision": "ok", "message": null}
{"ts": "2025-12-14T11:16:27.955440", "user": "sales01", "toolcall": {"tool": "GitHub", "action": "write_code", "params": {"repo": "main", "content": "x"}}, "decision": "denied", "message": "Not authorized to perform tool call"}
{"ts": "2025-12-14T11:16:27.955648", "user": "eng01", "toolcall": {"tool": "FileSystem", "action": "read_file", "params": {"path": "/Sales/proposal.docx"}}, "decision": "denied", "message": "Not authorized to perform tool call"}
{"ts": "2025-12-14T11:16:27.955795", "user": "it01", "toolcall": {"tool": "FileSystem", "action": "read_file", "params": {"path": "/Engineering/../IT/secret.txt"}}, "decision": "denied", "message": "Not authorized to perform tool call"}
{"ts": "2025-12-14T11:16:27.956728", "user": "eng01", "toolcall": {"tool": "Deployment", "action": "deploy", "params": {"env": "staging"}}, "decision": "pending_approval", "message": "Action requires approval"}
{"ts": "2025-12-14T11:16:27.957314", "user": "eng01", "toolcall": {"tool": "Deployment", "action": "deploy", "params": {"env": "staging", "approval_id": "8bae4f12-613a-476b-9fba-a43ff20ab892"}}, "decision": "ok", "message": null}
{"ts": "2025-12-14T11:16:27.957405", "user": "sales01", "toolcall": {"tool": "FileSystem", "action": "read_file", "params": {"path": "/Engineering/secret.txt"}}, "decision": "denied", "message": "Not authorized to perform tool call"}
{"ts": "2025-12-14T11:26:55.920231", "user": "it01", "toolcall": {"tool": "Deployment", "action": "deploy", "params": {"env": "staging"}}, "decision": "pending_approval", "message": "Action requires approval"}
{"ts": "2025-12-14T11:26:55.920408", "user": "sales01", "toolcall": {"tool": "Deployment", "action": "deploy", "params": {"env": "staging"}}, "decision": "denied", "message": "Not authorized to perform tool call"}
{"ts": "2025-12-14T11:26:55.920856", "user": "eng01", "toolcall": {"tool": "DB", "action": "migrate", "params": {"script": "alter table"}}, "decision": "denied", "message": "Not authorized to perform tool call"}
{"ts": "2025-12-14T11:26:55.925715", "user": "eng01", "toolcall": {"tool": "Deployment", "action": "deploy", "params": {"env": "staging"}}, "decision": "pending_approval", "message": "Action requires approval"}
{"ts": "2025-12-14T11:26:55.926031", "user": "eng01", "toolcall": {"tool": "Deployment", "action": "deploy", "params": {"env": "staging", "approval_id": "db9d62f5-7ddf-465f-a7e2-02b7c9ffba41"}}, "decision": "ok", "message": null}
{"ts": "2025-12-14T11:29:02.125393", "user": "it01", "toolcall": {"tool": "GitHub", "action": "read_repo", "params": {"repo": "main"}}, "decision": "ok", "message": null}
{"ts": "2025-12-14T11:29:02.125798", "user": "it01", "toolcall": {"tool": "FileSystem", "action": "read_file", "params": {"path": "/IT/logs.txt"}}, "decision": "ok", "message": null}
{"ts": "2025-12-14T11:29:10.767709", "user": "it01", "toolcall": {"tool": "Deployment", "action": "deploy", "params": {"env": "staging"}}, "decision": "pending_approval", "message": "Action requires approval"}
{"ts": "2025-12-14T11:29:10.768177", "user": "it01", "toolcall": {"tool": "Deployment", "action": "deploy", "params": {"env": "staging", "approval_id": "af313db2-1f95-4d33-9b47-3b810be527e7"}}, "decision": "ok", "message": null}
{"ts": "2025-12-14T11:29:15.079625", "user": "eng01", "toolcall": {"tool": "GitHub", "action": "write_code", "params": {"repo": "main", "content": "README content"}}, "decision": "ok", "message": null}
{"ts": "2025-12-14T11:29:18.646667", "user": "eng01", "toolcall": {"tool": "GitHub", "action": "write_code", "params": {"repo": "main", "content": "README content"}}, "decision": "ok", "message": null}
{"ts": "2025-12-14T11:29:27.187852", "user": "sales01", "toolcall": {"tool": "FileSystem", "action": "read_file", "params": {"path": "/Sales/proposal.docx"}}, "decision": "ok", "message": null}
{"ts": "2025-12-14T11:29:30.821317", "user": "sales01", "toolcall": {"tool": "CRM", "action": "create_lead", "params": {"lead": {"source": "genai"}}}, "decision": "ok", "message": null}
{"ts": "2025-12-14T11:29:59.937885", "user": "sales01", "toolcall": {"tool": "GitHub", "action": "write_code", "params": {"repo": "main", "content": "x"}}, "decision": "denied", "message": "Not authorized to perform tool call"}
{"ts": "2025-12-14T11:29:59.938082", "user": "eng01", "toolcall": {"tool": "FileSystem", "action": "read_file", "params": {"path": "/Sales/proposal.docx"}}, "decision": "denied", "message": "Not authorized to perform tool call"}
{"ts": "2025-12-14T11:29:59.938166", "user": "it01", "toolcall": {"tool": "FileSystem", "action": "read_file", "params": {"path": "/Engineering/../IT/secret.txt"}}, "decision": "denied", "message": "Not authorized to perform tool call"}
{"ts": "2025-12-14T11:29:59.938870", "user": "eng01", "toolcall": {"tool": "Deployment", "action": "deploy", "params": {"env": "staging"}}, "decision": "pending_approval", "message": "Action requires approval"}
{"ts": "2025-12-14T11:29:59.939311", "user": "eng01", "toolcall": {"tool": "Deployment", "action": "deploy", "params": {"env": "staging", "approval_id": "d881f190-6d94-46b1-8639-70d2b4b6dc37"}}, "decision": "ok", "message": null}
{"ts": "2025-12-14T11:29:59.939390", "user": "sales01", "toolcall": {"tool": "FileSystem", "action": "read_file", "params": {"path": "/Engineering/secret.txt"}}, "decision": "denied", "message": "Not authorized to perform tool call"}
{"ts": "2025-12-14T11:50:23.492499", "user": "it01", "toolcall": {"tool": "GitHub", "action": "read_repo", "params": {"repo": "main"}}, "decision": "ok", "message": null}
{"ts": "2025-12-14T11:50:23.492907", "user": "it01", "toolcall": {"tool": "FileSystem", "action": "read_file", "params": {"path": "/IT/logs.txt"}}, "decision": "ok", "message": null}
{"ts": "2025-12-14T11:50:33.872778", "user": "it01", "toolcall": {"tool": "Deployment", "action": "deploy", "params": {"env": "staging"}}, "decision": "pending_approval", "message": "Action requires approval"}
{"ts": "2025-12-14T11:50:33.873181", "user": "it01", "toolcall": {"tool": "Deployment", "action": "deploy", "params": {"env": "staging", "approval_id": "4a424601-22cd-4090-99b8-3dd7df37085f"}}, "decision": "ok", "message": null}
{"ts": "2025-12-14T11:50:37.980504", "user": "eng01", "toolcall": {"tool": "GitHub", "action": "write_code", "params": {"repo": "main", "content": "README content"}}, "decision": "ok", "message": null}
{"ts": "2025-12-14T11:50:42.667209", "user": "eng01", "toolcall": {"tool": "GitHub", "action": "write_code", "params": {"repo": "main", "content": "README content"}}, "decision": "ok", "message": null}
{"ts": "2025-12-14T11:50:51.833519", "user": "sales01", "toolcall": {"tool": "FileSystem", "action": "read_file", "params": {"path": "/Sales/proposal.docx"}}, "decision": "ok", "message": null}
{"ts": "2025-12-14T11:50:55.888711", "user": "sales01", "toolcall": {"tool": "CRM", "action": "create_lead", "params": {"lead": {"source": "genai"}}}, "decision": "ok", "message": null}
{"ts": "2025-12-14T11:51:26.424594", "user": "sales01", "toolcall": {"tool": "GitHub", "action": "write_code", "params": {"repo": "main", "content": "x"}}, "decision": "denied", "message": "Not authorized to perform tool call"}
{"ts": "2025-12-14T11:51:26.424806", "user": "eng01", "toolcall": {"tool": "FileSystem", "action": "read_file", "params": {"path": "/Sales/proposal.docx"}}, "decision": "denied", "message": "Not authorized to perform tool call"}
{"ts": "2025-12-14T11:51:26.424886", "user": "it01", "toolcall": {"tool": "FileSystem", "action": "read_file", "params": {"path": "/Engineering/../IT/secret.txt"}}, "decision": "denied", "message": "Not authorized to perform tool call"}
{"ts": "2025-12-14T11:51:26.425530", "user": "eng01", "toolcall": {"tool": "Deployment", "action": "deploy", "params": {"env": "staging"}}, "decision": "pending_approval", "message": "Action requires approval"}
{"ts": "2025-12-14T11:51:26.425920", "user": "eng01", "toolcall": {"tool": "Deployment", "action": "deploy", "params": {"env": "staging", "approval_id": "c9a0b6c4-ac5a-4ce0-8665-89a1b11fb3fc"}}, "decision": "ok", "message": null}
{"ts": "2025-12-14T11:51:26.425977", "user": "sales01", "toolcall": {"tool": "FileSystem", "action": "read_file", "params": {"path": "/Engineering/secret.txt"}}, "decision": "denied", "message": "Not authorized to perform tool call"}
{"ts": "2025-12-14T12:00:53.111534", "user": "it01", "toolcall": {"tool": "GitHub", "action": "read_repo", "params": {"repo": "main"}}, "decision": "ok", "message": null}
{"ts": "2025-12-14T12:00:53.111850", "user": "it01", "toolcall": {"tool": "FileSystem", "action": "read_file", "params": {"path": "/IT/logs.txt"}}, "decision": "ok", "message": null}
{"ts": "2025-12-14T12:01:00.873786", "user": "it01", "toolcall": {"tool": "Deployment", "action": "deploy", "params": {"env": "staging"}}, "decision": "pending_approval", "message": "Action requires approval"}
{"ts": "2025-12-14T12:01:00.874219", "user": "it01", "toolcall": {"tool": "Deployment", "action": "deploy", "params": {"env": "staging", "approval_id": "5a352f3e-084b-4057-9ad7-751106dfed42"}}, "decision": "ok", "message": null}
{"ts": "2025-12-14T12:01:04.814253", "user": "eng01", "toolcall": {"tool": "GitHub", "action": "write_code", "params": {"repo": "main", "content": "README content"}}, "decision": "ok", "message": null}
{"ts": "2025-12-14T12:01:08.394668", "user": "eng01", "toolcall": {"tool": "GitHub", "action": "write_code", "params": {"repo": "main", "content": "README content"}}, "decision": "ok", "message": null}
{"ts": "2025-12-14T12:01:17.284423", "user": "sales01", "toolcall": {"tool": "FileSystem", "action": "read_file", "params": {"path": "/Sales/proposal.docx"}}, "decision": "ok", "message": null}
{"ts": "2025-12-14T12:01:23.298340", "user": "sales01", "toolcall": {"tool": "CRM", "action": "create_lead", "params": {"lead": {"source": "genai"}}}, "decision": "ok", "message": null}
{"ts": "2025-12-14T12:01:51.061325", "user": "sales01", "toolcall": {"tool": "GitHub", "action": "write_code", "params": {"repo": "main", "content": "x"}}, "decision": "denied", "message": "Not authorized to perform tool call"}
{"ts": "2025-12-14T12:01:51.061595", "user": "eng01", "toolcall": {"tool": "FileSystem", "action": "read_file", "params": {"path": "/Sales/proposal.docx"}}, "decision": "denied", "message": "Not authorized to perform tool call"}
{"ts": "2025-12-14T12:01:51.061708", "user": "it01", "toolcall": {"tool": "FileSystem", "action": "read_file", "params": {"path": "/Engineering/../IT/secret.txt"}}, "decision": "denied", "message": "Not authorized to perform tool call"}
{"ts": "2025-12-14T12:01:51.062402", "user": "eng01", "toolcall": {"tool": "Deployment", "action": "deploy", "params": {"env": "staging"}}, "decision": "pending_approval", "message": "Action requires approval"}
{"ts": "2025-12-14T12:01:51.062876", "user": "eng01", "toolcall": {"tool": "Deployment", "action": "deploy", "params": {"env": "staging", "approval_id": "a5d292ad-0402-4f57-979d-f35061b916cc"}}, "decision": "ok", "message": null}
{"ts": "2025-12-14T12:01:51.062959", "user": "sales01", "toolcall": {"tool": "FileSystem", "action": "read_file", "params": {"path": "/Engineering/secret.txt"}}, "decision": "denied", "message": "Not authorized to perform tool call"}
{"ts": "2025-12-14T12:08:49.399185", "user": "it01", "toolcall": {"tool": "Deployment", "action": "deploy", "params": {"env": "staging"}}, "decision": "pending_approval", "message": "Action requires approval"}
{"ts": "2025-12-14T12:08:49.399369", "user": "sales01", "toolcall": {"tool": "Deployment", "action": "deploy", "params": {"env": "staging"}}, "decision": "denied", "message": "Not authorized to perform tool call"}
{"ts": "2025-12-14T12:08:49.399809", "user": "eng01", "toolcall": {"tool": "DB", "action": "migrate", "params": {"script": "alter table"}}, "decision": "denied", "message": "Not authorized to perform tool call"}
{"ts": "2025-12-14T12:08:49.404750", "user": "eng01", "toolcall": {"tool": "Deployment", "action": "deploy", "params": {"env": "staging"}}, "decision": "pending_approval", "message": "Action requires approval"}
{"ts": "2025-12-14T12:08:49.405129", "user": "eng01", "toolcall": {"tool": "Deployment", "action": "deploy", "params": {"env": "staging", "approval_id": "8766b073-ff00-479f-957c-b831be3f9db8"}}, "decision": "ok", "message": null}
{"ts": "2025-12-14T12:08:56.862438", "user": "sales01", "toolcall": {"tool": "FileSystem", "action": "read_file", "params": {"path": "/Engineering/secret.txt"}}, "decision": "denied", "message": "Not authorized to perform tool call"}
{"ts": "2025-12-14T12:08:56.863985", "user": "eng01", "toolcall": {"tool": "GitHub", "action": "write_code", "params": {"repo": "main", "content": "x"}}, "decision": "ok", "message": null}
{"ts": "2025-12-14T12:13:46.387545", "user": "it01", "toolcall": {"tool": "Deployment", "action": "deploy", "params": {"env": "staging"}}, "decision": "pending_approval", "message": "Action requires approval"}
{"ts": "2025-12-14T12:13:46.387727", "user": "sales01", "toolcall": {"tool": "Deployment", "action": "deploy", "params": {"env": "staging"}}, "decision": "denied", "message": "Not authorized to perform tool call"}
{"ts": "2025-12-14T12:13:46.388165", "user": "eng01", "toolcall": {"tool": "DB", "action": "migrate", "params": {"script": "alter table"}}, "decision": "denied", "message": "Not authorized to perform tool call"}
{"ts": "2025-12-14T12:13:46.393250", "user": "eng01", "toolcall": {"tool": "Deployment", "action": "deploy", "params": {"env": "staging"}}, "decision": "pending_approval", "message": "Action requires approval"}
{"ts": "2025-12-14T12:13:46.393681", "user": "eng01", "toolcall": {"tool": "Deployment", "action": "deploy", "params": {"env": "staging", "approval_id": "ef30e590-8b3f-43d8-a32a-706fb0d7d6df"}}, "decision": "ok", "message": null}
{"ts": "2025-12-14T12:13:46.493124", "user": "sales01", "toolcall": {"tool": "FileSystem", "action": "read_file", "params": {"path": "/Engineering/secret.txt"}}, "decision": "denied", "message": "Not authorized to perform tool call"}
{"ts": "2025-12-14T12:13:46.494695", "user": "eng01", "toolcall": {"tool": "GitHub", "action": "write_code", "params": {"repo": "main", "content": "x"}}, "decision": "ok", "message": null}
{"ts": "2025-12-14T12:18:28.312041", "user": "it01", "toolcall": {"tool": "Deployment", "action": "deploy", "params": {"env": "staging"}}, "decision": "pending_approval", "message": "Action requires approval"}
{"ts": "2025-12-14T12:18:28.312133", "user": "sales01", "toolcall": {"tool": "Deployment", "action": "deploy", "params": {"env": "staging"}}, "decision": "denied", "message": "Not authorized to perform tool call"}
{"ts": "2025-12-14T12:18:28.312613", "user": "eng01", "toolcall": {"tool": "DB", "action": "migrate", "params": {"script": "alter table"}}, "decision": "denied", "message": "Not authorized to perform tool call"}
{"ts": "2025-12-14T12:18:28.316976", "user": "eng01", "toolcall": {"tool": "Deployment", "action": "deploy", "params": {"env": "staging"}}, "decision": "pending_approval", "message": "Action requires approval"}
{"ts": "2025-12-14T12:18:28.317371", "user": "eng01", "toolcall": {"tool": "Deployment", "action": "deploy", "params": {"env": "staging", "approval_id": "02fdff1a-7332-4f68-b47f-9ba7eae842f1"}}, "decision": "ok", "message": null}
{"ts": "2025-12-14T12:18:28.381206", "user": "sales01", "toolcall": {"tool": "FileSystem", "action": "read_file", "params": {"path": "/Engineering/secret.txt"}}, "decision": "denied", "message": "Not authorized to perform tool call"}
{"ts": "2025-12-14T12:18:28.381613", "user": "eng01", "toolcall": {"tool": "GitHub", "action": "write_code", "params": {"repo": "main", "content": "x"}}, "decision": "ok", "message": null}
{"ts": "2025-12-14T12:20:38.641067", "user": "it01", "toolcall": {"tool": "Deployment", "action": "deploy", "params": {"env": "staging"}}, "decision": "pending_approval", "message": "Action requires approval"}
{"ts": "2025-12-14T12:20:38.641143", "user": "sales01", "toolcall": {"tool": "Deployment", "action": "deploy", "params": {"env": "staging"}}, "decision": "denied", "message": "Not authorized to perform tool call"}
{"ts": "2025-12-14T12:20:38.641607", "user": "eng01", "toolcall": {"tool": "DB", "action": "migrate", "params": {"script": "alter table"}}, "decision": "denied", "message": "Not authorized to perform tool call"}
{"ts": "2025-12-14T12:20:38.645864", "user": "eng01", "toolcall": {"tool": "Deployment", "action": "deploy", "params": {"env": "staging"}}, "decision": "pending_approval", "message": "Action requires approval"}
{"ts": "2025-12-14T12:20:38.646188", "user": "eng01", "toolcall": {"tool": "Deployment", "action": "deploy", "params": {"env": "staging", "approval_id": "3467dd0e-230a-468b-a09f-1809424a3c7c"}}, "decision": "ok", "message": null}
{"ts": "2025-12-14T12:20:38.682201", "user": "sales01", "toolcall": {"tool": "FileSystem", "action": "read_file", "params": {"path": "/Engineering/secret.txt"}}, "decision": "denied", "message": "Not authorized to perform tool call"}
{"ts": "2025-12-14T12:20:38.682606", "user": "eng01", "toolcall": {"tool": "GitHub", "action": "write_code", "params": {"repo": "main", "content": "x"}}, "decision": "ok", "message": null}
{"ts": "2025-12-14T12:31:20.726787", "user": "eng01", "toolcall": {"tool": "Deployment", "action": "deploy", "params": {"env": "staging"}}, "decision": "pending_approval", "message": "Action requires approval"}
{"ts": "2025-12-14T12:31:20.727173", "user": "eng01", "toolcall": {"tool": "Deployment", "action": "deploy", "params": {"env": "staging", "approval_id": "2459d5b1-8090-4800-8c99-13ce83a34877"}}, "decision": "ok", "message": null}
{"ts": "2025-12-14T12:33:06.625005", "user": "it01", "toolcall": {"tool": "Deployment", "action": "deploy", "params": {"env": "staging"}}, "decision": "pending_approval", "message": "Action requires approval"}
{"ts": "2025-12-14T12:33:06.625081", "user": "sales01", "toolcall": {"tool": "Deployment", "action": "deploy", "params": {"env": "staging"}}, "decision": "denied", "message": "Not authorized to perform tool call"}
{"ts": "2025-12-14T12:33:06.625559", "user": "eng01", "toolcall": {"tool": "DB", "action": "migrate", "params": {"script": "alter table"}}, "decision": "denied", "message": "Not authorized to perform tool call"}
{"ts": "2025-12-14T12:33:06.629878", "user": "eng01", "toolcall": {"tool": "Deployment", "action": "deploy", "params": {"env": "staging"}}, "decision": "pending_approval", "message": "Action requires approval"}
{"ts": "2025-12-14T12:33:06.630233", "user": "eng01", "toolcall": {"tool": "Deployment", "action": "deploy", "params": {"env": "staging", "approval_id": "f35002b3-df10-4670-8b9f-b738150ae511"}}, "decision": "ok", "message": null}
{"ts": "2025-12-14T12:33:06.667476", "user": "sales01", "toolcall": {"tool": "FileSystem", "action": "read_file", "params": {"path": "/Engineering/secret.txt"}}, "decision": "denied", "message": "Not authorized to perform tool call"}
{"ts": "2025-12-14T12:33:06.667925", "user": "eng01", "toolcall": {"tool": "GitHub", "action": "write_code", "params": {"repo": "main", "content": "x"}}, "decision": "ok", "message": null}
{"ts": "2025-12-14T12:34:17.984535", "user": "it01", "toolcall": {"tool": "Deployment", "action": "deploy", "params": {"env": "staging"}}, "decision": "pending_approval", "message": "Action requires approval"}
{"ts": "2025-12-14T12:34:17.984588", "user": "sales01", "toolcall": {"tool": "Deployment", "action": "deploy", "params": {"env": "staging"}}, "decision": "denied", "message": "Not authorized to perform tool call"}
{"ts": "2025-12-14T12:34:17.985042", "user": "eng01", "toolcall": {"tool": "DB", "action": "migrate", "params": {"script": "alter table"}}, "decision": "denied", "message": "Not authorized to perform tool call"}
{"ts": "2025-12-14T12:34:17.989217", "user": "eng01", "toolcall": {"tool": "Deployment", "action": "deploy", "params": {"env": "staging"}}, "decision": "pending_approval", "message": "Action requires approval"}
{"ts": "2025-12-14T12:34:17.989646", "user": "eng01", "toolcall": {"tool": "Deployment", "action": "deploy", "params": {"env": "staging", "approval_id": "46a56de8-81c4-47de-b618-4b1be9997a70"}}, "decision": "ok", "message": null}
{"ts": "2025-12-14T12:34:18.026976", "user": "sales01", "toolcall": {"tool": "FileSystem", "action": "read_file", "params": {"path": "/Engineering/secret.txt"}}, "decision": "denied", "message": "Not authorized to perform tool call"}
{"ts": "2025-12-14T12:34:18.027387", "user": "eng01", "toolcall": {"tool": "GitHub", "action": "write_code", "params": {"repo": "main", "content": "x"}}, "decision": "ok", "message": null}
{"ts": "2025-12-14T12:34:32.657760", "user": "it01", "toolcall": {"tool": "GitHub", "action": "read_repo", "params": {"repo": "main"}}, "decision": "ok", "message": null}
{"ts": "2025-12-14T12:34:32.657864", "user": "it01", "toolcall": {"tool": "FileSystem", "action": "read_file", "params": {"path": "/IT/logs.txt"}}, "decision": "ok", "message": null}
{"ts": "2025-12-14T12:34:32.659059", "user": "it01", "toolcall": {"tool": "Deployment", "action": "deploy", "params": {"env": "staging"}}, "decision": "pending_approval", "message": "Action requires approval"}
{"ts": "2025-12-14T12:34:32.659589", "user": "it01", "toolcall": {"tool": "Deployment", "action": "deploy", "params": {"env": "staging", "approval_id": "7f791b99-57cc-462b-9659-bb82d6abdd78"}}, "decision": "ok", "message": null}
{"ts": "2025-12-14T12:34:32.659952", "user": "eng01", "toolcall": {"tool": "GitHub", "action": "write_code", "params": {"repo": "main", "content": "README content"}}, "decision": "ok", "message": null}
{"ts": "2025-12-14T12:34:32.660265", "user": "eng01", "toolcall": {"tool": "GitHub", "action": "write_code", "params": {"repo": "main", "content": "README content"}}, "decision": "ok", "message": null}
{"ts": "2025-12-14T12:34:32.660807", "user": "sales01", "toolcall": {"tool": "FileSystem", "action": "read_file", "params": {"path": "/Sales/proposal.docx"}}, "decision": "ok", "message": null}
{"ts": "2025-12-14T12:34:32.661112", "user": "sales01", "toolcall": {"tool": "CRM", "action": "create_lead", "params": {"lead": {"source": "genai"}}}, "decision": "ok", "message": null}
{"ts": "2025-12-14T12:34:32.663214", "user": "sales01", "toolcall": {"tool": "GitHub", "action": "write_code", "params": {"repo": "main", "content": "x"}}, "decision": "denied", "message": "Not authorized to perform tool call"}
{"ts": "2025-12-14T12:34:32.663301", "user": "eng01", "toolcall": {"tool": "FileSystem", "action": "read_file", "params": {"path": "/Sales/proposal.docx"}}, "decision": "denied", "message": "Not authorized to perform tool call"}
{"ts": "2025-12-14T12:34:32.663394", "user": "it01", "toolcall": {"tool": "FileSystem", "action": "read_file", "params": {"path": "/Engineering/../IT/secret.txt"}}, "decision": "denied", "message": "Not authorized to perform tool call"}
{"ts": "2025-12-14T12:34:32.663836", "user": "eng01", "toolcall": {"tool": "Deployment", "action": "deploy", "params": {"env": "staging"}}, "decision": "pending_approval", "message": "Action requires approval"}
{"ts": "2025-12-14T12:34:32.664242", "user": "eng01", "toolcall": {"tool": "Deployment", "action": "deploy", "params": {"env": "staging", "approval_id": "1d0201d2-4e34-42c9-9c0a-a9640d36dd30"}}, "decision": "ok", "message": null}
{"ts": "2025-12-14T12:34:32.664302", "user": "sales01", "toolcall": {"tool": "FileSystem", "action": "read_file", "params": {"path": "/Engineering/secret.txt"}}, "decision": "denied", "message": "Not authorized to perform tool call"}
{"ts": "2025-12-14T12:40:26.029812", "user": "it01", "toolcall": {"tool": "GitHub", "action": "read_repo", "params": {"repo": "main"}}, "decision": "ok", "message": null}
{"ts": "2025-12-14T12:40:26.029935", "user": "it01", "toolcall": {"tool": "FileSystem", "action": "read_file", "params": {"path": "/IT/logs.txt"}}, "decision": "ok", "message": null}
{"ts": "2025-12-14T12:40:26.031111", "user": "it01", "toolcall": {"tool": "Deployment", "action": "deploy", "params": {"env": "staging"}}, "decision": "pending_approval", "message": "Action requires approval"}
{"ts": "2025-12-14T12:40:26.031575", "user": "it01", "toolcall": {"tool": "Deployment", "action": "deploy", "params": {"env": "staging", "approval_id": "14aaaf94-f618-429c-8bef-d2ec8e2268bd"}}, "decision": "ok", "message": null}
{"ts": "2025-12-14T12:40:26.031981", "user": "eng01", "toolcall": {"tool": "GitHub", "action": "write_code", "params": {"repo": "main", "content": "README content"}}, "decision": "ok", "message": null}
{"ts": "2025-12-14T12:40:26.032333", "user": "eng01", "toolcall": {"tool": "GitHub", "action": "write_code", "params": {"repo": "main", "content": "README content"}}, "decision": "ok", "message": null}
{"ts": "2025-12-14T12:40:26.032963", "user": "sales01", "toolcall": {"tool": "FileSystem", "action": "read_file", "params": {"path": "/Sales/proposal.docx"}}, "decision": "ok", "message": null}
{"ts": "2025-12-14T12:40:26.033297", "user": "sales01", "toolcall": {"tool": "CRM", "action": "create_lead", "params": {"lead": {"source": "genai"}}}, "decision": "ok", "message": null}
{"ts": "2025-12-14T12:40:26.035335", "user": "sales01", "toolcall": {"tool": "GitHub", "action": "write_code", "params": {"repo": "main", "content": "x"}}, "decision": "denied", "message": "Not authorized to perform tool call"}
{"ts": "2025-12-14T12:40:26.035396", "user": "eng01", "toolcall": {"tool": "FileSystem", "action": "read_file", "params": {"path": "/Sales/proposal.docx"}}, "decision": "denied", "message": "Not authorized to perform tool call"}
{"ts": "2025-12-14T12:40:26.035450", "user": "it01", "toolcall": {"tool": "FileSystem", "action": "read_file", "params": {"path": "/Engineering/../IT/secret.txt"}}, "decision": "denied", "message": "Not authorized to perform tool call"}
{"ts": "2025-12-14T12:40:26.035859", "user": "eng01", "toolcall": {"tool": "Deployment", "action": "deploy", "params": {"env": "staging"}}, "decision": "pending_approval", "message": "Action requires approval"}
{"ts": "2025-12-14T12:40:26.036215", "user": "eng01", "toolcall": {"tool": "Deployment", "action": "deploy", "params": {"env": "staging", "approval_id": "fb5a9ed8-a127-4eb6-bd58-b9eb684ed207"}}, "decision": "ok", "message": null}
{"ts": "2025-12-14T12:40:26.036272", "user": "sales01", "toolcall": {"tool": "FileSystem", "action": "read_file", "params": {"path": "/Engineering/secret.txt"}}, "decision": "denied", "message": "Not authorized to perform tool call"}
{"ts": "2025-12-14T13:25:41.084259", "user": "it01", "toolcall": {"tool": "Deployment", "action": "deploy", "params": {"env": "staging"}}, "decision": "pending_approval", "message": "Action requires approval"}
{"ts": "2025-12-14T13:25:41.084858", "user": "sales01", "toolcall": {"tool": "Deployment", "action": "deploy", "params": {"env": "staging"}}, "decision": "denied", "message": "Not authorized to perform tool call"}
{"ts": "2025-12-14T13:25:41.085869", "user": "eng01", "toolcall": {"tool": "DB", "action": "migrate", "params": {"script": "alter table"}}, "decision": "denied", "message": "Not authorized to perform tool call"}
{"ts": "2025-12-14T13:25:41.090703", "user": "eng01", "toolcall": {"tool": "Deployment", "action": "deploy", "params": {"env": "staging"}}, "decision": "pending_approval", "message": "Action requires approval"}
{"ts": "2025-12-14T13:25:41.091581", "user": "eng01", "toolcall": {"tool": "Deployment", "action": "deploy", "params": {"env": "staging", "approval_id": "16640d44-0dd6-49f5-bc98-fb3578ebb15a"}}, "decision": "ok", "message": null}
{"ts": "2025-12-14T13:25:41.193165", "user": "sales01", "toolcall": {"tool": "FileSystem", "action": "read_file", "params": {"path": "/Engineering/secret.txt"}}, "decision": "denied", "message": "Not authorized to perform tool call"}
{"ts": "2025-12-14T13:25:41.193911", "user": "eng01", "toolcall": {"tool": "GitHub", "action": "write_code", "params": {"repo": "main", "content": "x"}}, "decision": "ok", "message": null}
{"ts": "2025-12-14T13:27:09.319572", "user": "it01", "toolcall": {"tool": "Deployment", "action": "deploy", "params": {"env": "staging"}}, "decision": "pending_approval", "message": "Action requires approval"}
{"ts": "2025-12-14T13:27:09.320016", "user": "sales01", "toolcall": {"tool": "Deployment", "action": "deploy", "params": {"env": "staging"}}, "decision": "denied", "message": "Not authorized to perform tool call"}
{"ts": "2025-12-14T13:27:09.321007", "user": "eng01", "toolcall": {"tool": "DB", "action": "migrate", "params": {"script": "alter table"}}, "decision": "denied", "message": "Not authorized to perform tool call"}
{"ts": "2025-12-14T13:27:09.325931", "user": "eng01", "toolcall": {"tool": "Deployment", "action": "deploy", "params": {"env": "staging"}}, "decision": "pending_approval", "message": "Action requires approval"}
{"ts": "2025-12-14T13:27:09.326767", "user": "eng01", "toolcall": {"tool": "Deployment", "action": "deploy", "params": {"env": "staging", "approval_id": "49551b41-14d6-4358-84e8-f1b7e300604c"}}, "decision": "ok", "message": null}
{"ts": "2025-12-14T13:27:09.420480", "user": "sales01", "toolcall": {"tool": "FileSystem", "action": "read_file", "params": {"path": "/Engineering/secret.txt"}}, "decision": "denied", "message": "Not authorized to perform tool call"}
{"ts": "2025-12-14T13:27:09.422047", "user": "eng01", "toolcall": {"tool": "GitHub", "action": "write_code", "params": {"repo": "main", "content": "x"}}, "decision": "ok", "message": null}
{"ts": "2025-12-14T13:28:31.875883", "user": "it01", "toolcall": {"tool": "Deployment", "action": "deploy", "params": {"env": "staging"}}, "decision": "pending_approval", "message": "Action requires approval"}
{"ts": "2025-12-14T13:28:31.876293", "user": "sales01", "toolcall": {"tool": "Deployment", "action": "deploy", "params": {"env": "staging"}}, "decision": "denied", "message": "Not authorized to perform tool call"}
{"ts": "2025-12-14T13:28:31.877118", "user": "eng01", "toolcall": {"tool": "DB", "action": "migrate", "params": {"script": "alter table"}}, "decision": "denied", "message": "Not authorized to perform tool call"}
{"ts": "2025-12-14T13:28:31.881103", "user": "eng01", "toolcall": {"tool": "Deployment", "action": "deploy", "params": {"env": "staging"}}, "decision": "pending_approval", "message": "Action requires approval"}
{"ts": "2025-12-14T13:28:31.881878", "user": "eng01", "toolcall": {"tool": "Deployment", "action": "deploy", "params": {"env": "staging", "approval_id": "069c8992-d94f-494b-bbdb-87bcc733f6f9"}}, "decision": "ok", "message": null}
{"ts": "2025-12-14T13:28:31.978726", "user": "sales01", "toolcall": {"tool": "FileSystem", "action": "read_file", "params": {"path": "/Engineering/secret.txt"}}, "decision": "denied", "message": "Not authorized to perform tool call"}
{"ts": "2025-12-14T13:28:31.980039", "user": "eng01", "toolcall": {"tool": "GitHub", "action": "write_code", "params": {"repo": "main", "content": "x"}}, "decision": "ok", "message": null}
{"ts": "2025-12-14T13:29:27.315822", "user": "it01", "toolcall": {"tool": "Deployment", "action": "deploy", "params": {"env": "staging"}}, "decision": "pending_approval", "message": "Action requires approval"}
{"ts": "2025-12-14T13:29:27.316259", "user": "sales01", "toolcall": {"tool": "Deployment", "action": "deploy", "params": {"env": "staging"}}, "decision": "denied", "message": "Not authorized to perform tool call"}
{"ts": "2025-12-14T13:29:27.317114", "user": "eng01", "toolcall": {"tool": "DB", "action": "migrate", "params": {"script": "alter table"}}, "decision": "denied", "message": "Not authorized to perform tool call"}
{"ts": "2025-12-14T13:29:27.321040", "user": "eng01", "toolcall": {"tool": "Deployment", "action": "deploy", "params": {"env": "staging"}}, "decision": "pending_approval", "message": "Action requires approval"}
{"ts": "2025-12-14T13:29:27.321773", "user": "eng01", "toolcall": {"tool": "Deployment", "action": "deploy", "params": {"env": "staging", "approval_id": "51c844cb-8774-4b9e-8c24-071162ccd95a"}}, "decision": "ok", "message": null}
{"ts": "2025-12-14T13:29:27.379493", "user": "sales01", "toolcall": {"tool": "FileSystem", "action": "read_file", "params": {"path": "/Engineering/secret.txt"}}, "decision": "denied", "message": "Not authorized to perform tool call"}
{"ts": "2025-12-14T13:29:27.380334", "user": "eng01", "toolcall": {"tool": "GitHub", "action": "write_code", "params": {"repo": "main", "content": "x"}}, "decision": "ok", "message": null}
{"ts": "2025-12-14T13:33:31.421498", "user": "it01", "toolcall": {"tool": "GitHub", "action": "read_repo", "params": {"repo": "main"}}, "decision": "ok", "message": null}
{"ts": "2025-12-14T13:33:31.421911", "user": "it01", "toolcall": {"tool": "FileSystem", "action": "read_file", "params": {"path": "/IT/logs.txt"}}, "decision": "ok", "message": null}
{"ts": "2025-12-14T13:33:31.423154", "user": "it01", "toolcall": {"tool": "Deployment", "action": "deploy", "params": {"env": "staging"}}, "decision": "pending_approval", "message": "Action requires approval"}
{"ts": "2025-12-14T13:33:31.423853", "user": "it01", "toolcall": {"tool": "Deployment", "action": "deploy", "params": {"env": "staging", "approval_id": "7476932e-a291-40b8-8088-f92e5ef4ce67"}}, "decision": "ok", "message": null}
{"ts": "2025-12-14T13:33:31.424540", "user": "eng01", "toolcall": {"tool": "GitHub", "action": "write_code", "params": {"repo": "main", "content": "README content"}}, "decision": "ok", "message": null}
{"ts": "2025-12-14T13:33:31.425235", "user": "eng01", "toolcall": {"tool": "GitHub", "action": "write_code", "params": {"repo": "main", "content": "README content"}}, "decision": "ok", "message": null}
{"ts": "2025-12-14T13:33:31.425976", "user": "sales01", "toolcall": {"tool": "FileSystem", "action": "read_file", "params": {"path": "/Sales/proposal.docx"}}, "decision": "ok", "message": null}
{"ts": "2025-12-14T13:33:31.426661", "user": "sales01", "toolcall": {"tool": "CRM", "action": "create_lead", "params": {"lead": {"source": "genai"}}}, "decision": "ok", "message": null}
{"ts": "2025-12-14T13:33:31.428947", "user": "sales01", "toolcall": {"tool": "GitHub", "action": "write_code", "params": {"repo": "main", "content": "x"}}, "decision": "denied", "message": "Not authorized to perform tool call"}
{"ts": "2025-12-14T13:33:31.429317", "user": "eng01", "toolcall": {"tool": "FileSystem", "action": "read_file", "params": {"path": "/Sales/proposal.docx"}}, "decision": "denied", "message": "Not authorized to perform tool call"}
{"ts": "2025-12-14T13:33:31.429642", "user": "it01", "toolcall": {"tool": "FileSystem", "action": "read_file", "params": {"path": "/Engineering/../IT/secret.txt"}}, "decision": "denied", "message": "Not authorized to perform tool call"}
{"ts": "2025-12-14T13:33:31.430364", "user": "eng01", "toolcall": {"tool": "Deployment", "action": "deploy", "params": {"env": "staging"}}, "decision": "pending_approval", "message": "Action requires approval"}
{"ts": "2025-12-14T13:33:31.431492", "user": "eng01", "toolcall": {"tool": "Deployment", "action": "deploy", "params": {"env": "staging", "approval_id": "0031214f-ad63-4346-89fc-8ad1633ccb47"}}, "decision": "ok", "message": null}
{"ts": "2025-12-14T13:33:31.431910", "user": "sales01", "toolcall": {"tool": "FileSystem", "action": "read_file", "params": {"path": "/Engineering/secret.txt"}}, "decision": "denied", "message": "Not authorized to perform tool call"}
{"ts": "2025-12-14T13:41:22.752503", "user": "it01", "toolcall": {"tool": "GitHub", "action": "read_repo", "params": {"repo": "main"}}, "decision": "ok", "message": null}
{"ts": "2025-12-14T13:41:22.753015", "user": "it01", "toolcall": {"tool": "FileSystem", "action": "read_file", "params": {"path": "/IT/logs.txt"}}, "decision": "ok", "message": null}
{"ts": "2025-12-14T13:41:22.754543", "user": "it01", "toolcall": {"tool": "Deployment", "action": "deploy", "params": {"env": "staging"}}, "decision": "pending_approval", "message": "Action requires approval"}
{"ts": "2025-12-14T13:41:22.755219", "user": "it01", "toolcall": {"tool": "Deployment", "action": "deploy", "params": {"env": "staging", "approval_id": "6d25736f-3df1-4b5e-8905-e1203e81757d"}}, "decision": "ok", "message": null}
{"ts": "2025-12-14T13:41:22.755904", "user": "eng01", "toolcall": {"tool": "GitHub", "action": "write_code", "params": {"repo": "main", "content": "README content"}}, "decision": "ok", "message": null}
{"ts": "2025-12-14T13:41:22.756594", "user": "eng01", "toolcall": {"tool": "GitHub", "action": "write_code", "params": {"repo": "main", "content": "README content"}}, "decision": "ok", "message": null}
{"ts": "2025-12-14T13:41:22.757327", "user": "sales01", "toolcall": {"tool": "FileSystem", "action": "read_file", "params": {"path": "/Sales/proposal.docx"}}, "decision": "ok", "message": null}
{"ts": "2025-12-14T13:41:22.758078", "user": "sales01", "toolcall": {"tool": "CRM", "action": "create_lead", "params": {"lead": {"source": "genai"}}}, "decision": "ok", "message": null}
{"ts": "2025-12-14T13:41:22.760206", "user": "sales01", "toolcall": {"tool": "GitHub", "action": "write_code", "params": {"repo": "main", "content": "x"}}, "decision": "denied", "message": "Not authorized to perform tool call"}
{"ts": "2025-12-14T13:41:22.760589", "user": "eng01", "toolcall": {"tool": "FileSystem", "action": "read_file", "params": {"path": "/Sales/proposal.docx"}}, "decision": "denied", "message": "Not authorized to perform tool call"}
{"ts": "2025-12-14T13:41:22.760907", "user": "it01", "toolcall": {"tool": "FileSystem", "action": "read_file", "params": {"path": "/Engineering/../IT/secret.txt"}}, "decision": "denied", "message": "Not authorized to perform tool call"}
{"ts": "2025-12-14T13:41:22.761997", "user": "eng01", "toolcall": {"tool": "Deployment", "action": "deploy", "params": {"env": "staging"}}, "decision": "pending_approval", "message": "Action requires approval"}
{"ts": "2025-12-14T13:41:22.762881", "user": "eng01", "toolcall": {"tool": "Deployment", "action": "deploy", "params": {"env": "staging", "approval_id": "d609d0a4-b723-4c6d-898a-7746c9165b1b"}}, "decision": "ok", "message": null}
{"ts": "2025-12-14T13:41:22.763314", "user": "sales01", "toolcall": {"tool": "FileSystem", "action": "read_file", "params": {"path": "/Engineering/secret.txt"}}, "decision": "denied", "message": "Not authorized to perform tool call"}
{"ts": "2025-12-14T13:57:19.152539", "user": "it01", "toolcall": {"tool": "GitHub", "action": "read_repo", "params": {"repo": "main"}}, "decision": "ok", "message": null}
{"ts": "2025-12-14T13:57:19.153154", "user": "it01", "toolcall": {"tool": "FileSystem", "action": "read_file", "params": {"path": "/IT/logs.txt"}}, "decision": "ok", "message": null}
{"ts": "2025-12-14T13:57:19.154693", "user": "it01", "toolcall": {"tool": "Deployment", "action": "deploy", "params": {"env": "staging"}}, "decision": "pending_approval", "message": "Action requires approval"}
{"ts": "2025-12-14T13:57:19.155395", "user": "it01", "toolcall": {"tool": "Deployment", "action": "deploy", "params": {"env": "staging", "approval_id": "80fe4534-8e60-4acb-8489-08ce81e63d11"}}, "decision": "ok", "message": null}
{"ts": "2025-12-14T13:57:19.156142", "user": "eng01", "toolcall": {"tool": "GitHub", "action": "write_code", "params": {"repo": "main", "content": "README content"}}, "decision": "ok", "message": null}
{"ts": "2025-12-14T13:57:19.156576", "user": "eng01", "toolcall": {"tool": "GitHub", "action": "write_code", "params": {"repo": "main", "content": "README content"}}, "decision": "ok", "message": null}
{"ts": "2025-12-14T13:57:19.157787", "user": "sales01", "toolcall": {"tool": "FileSystem", "action": "read_file", "params": {"path": "/Sales/proposal.docx"}}, "decision": "ok", "message": null}
{"ts": "2025-12-14T13:57:19.158528", "user": "sales01", "toolcall": {"tool": "CRM", "action": "create_lead", "params": {"lead": {"source": "genai"}}}, "decision": "ok", "message": null}
{"ts": "2025-12-14T13:57:19.160930", "user": "sales01", "toolcall": {"tool": "GitHub", "action": "write_code", "params": {"repo": "main", "content": "x"}}, "decision": "denied", "message": "Not authorized to perform tool call"}
{"ts": "2025-12-14T13:57:19.161236", "user": "eng01", "toolcall": {"tool": "FileSystem", "action": "read_file", "params": {"path": "/Sales/proposal.docx"}}, "decision": "denied", "message": "Not authorized to perform tool call"}
{"ts": "2025-12-14T13:57:19.161528", "user": "it01", "toolcall": {"tool": "FileSystem", "action": "read_file", "params": {"path": "/Engineering/../IT/secret.txt"}}, "decision": "denied", "message": "Not authorized to perform tool call"}
{"ts": "2025-12-14T13:57:19.162193", "user": "eng01", "toolcall": {"tool": "Deployment", "action": "deploy", "params": {"env": "staging"}}, "decision": "pending_approval", "message": "Action requires approval"}
{"ts": "2025-12-14T13:57:19.163296", "user": "eng01", "toolcall": {"tool": "Deployment", "action": "deploy", "params": {"env": "staging", "approval_id": "830f2702-c297-4281-a0fb-7fcd699ae5bd"}}, "decision": "ok", "message": null}
{"ts": "2025-12-14T13:57:19.163699", "user": "sales01", "toolcall": {"tool": "FileSystem", "action": "read_file", "params": {"path": "/Engineering/secret.txt"}}, "decision": "denied", "message": "Not authorized to perform tool call"}
{"ts": "2025-12-14T14:36:30.968086", "user": "it01", "toolcall": {"tool": "GitHub", "action": "read_repo", "params": {"repo": "main"}}, "decision": "ok", "message": null}
{"ts": "2025-12-14T14:36:30.968699", "user": "it01", "toolcall": {"tool": "FileSystem", "action": "read_file", "params": {"path": "/IT/logs.txt"}}, "decision": "ok", "message": null}
{"ts": "2025-12-14T14:36:30.970532", "user": "it01", "toolcall": {"tool": "Deployment", "action": "deploy", "params": {"env": "staging"}}, "decision": "pending_approval", "message": "Action requires approval"}
{"ts": "2025-12-14T14:36:30.971263", "user": "it01", "toolcall": {"tool": "Deployment", "action": "deploy", "params": {"env": "staging", "approval_id": "d3712c0c-5647-4de9-8aa4-51be65ef314d"}}, "decision": "denied", "message": "Not authorized to perform tool call"}
{"ts": "2025-12-14T14:36:30.971991", "user": "eng01", "toolcall": {"tool": "GitHub", "action": "write_code", "params": {"repo": "main", "content": "README content"}}, "decision": "ok", "message": null}
{"ts": "2025-12-14T14:36:30.972755", "user": "eng01", "toolcall": {"tool": "GitHub", "action": "write_code", "params": {"repo": "main", "content": "README content"}}, "decision": "ok", "message": null}
{"ts": "2025-12-14T14:36:30.973677", "user": "sales01", "toolcall": {"tool": "FileSystem", "action": "read_file", "params": {"path": "/Sales/proposal.docx"}}, "decision": "ok", "message": null}
{"ts": "2025-12-14T14:36:30.974422", "user": "sales01", "toolcall": {"tool": "CRM", "action": "create_lead", "params": {"lead": {"source": "genai"}}}, "decision": "ok", "message": null}
{"ts": "2025-12-14T14:36:30.976660", "user": "sales01", "toolcall": {"tool": "GitHub", "action": "write_code", "params": {"repo": "main", "content": "x"}}, "decision": "denied", "message": "Not authorized to perform tool call"}
{"ts": "2025-12-14T14:36:30.976997", "user": "eng01", "toolcall": {"tool": "FileSystem", "action": "read_file", "params": {"path": "/Sales/proposal.docx"}}, "decision": "denied", "message": "Not authorized to perform tool call"}
{"ts": "2025-12-14T14:36:30.977352", "user": "it01", "toolcall": {"tool": "FileSystem", "action": "read_file", "params": {"path": "/Engineering/../IT/secret.txt"}}, "decision": "denied", "message": "Not authorized to perform tool call"}
{"ts": "2025-12-14T14:36:30.978113", "user": "eng01", "toolcall": {"tool": "Deployment", "action": "deploy", "params": {"env": "staging"}}, "decision": "pending_approval", "message": "Action requires approval"}
{"ts": "2025-12-14T14:36:30.978914", "user": "eng01", "toolcall": {"tool": "Deployment", "action": "deploy", "params": {"env": "staging", "approval_id": "6088501b-2829-47e0-b077-563fbf28497c"}}, "decision": "denied", "message": "Not authorized to perform tool call"}
{"ts": "2025-12-14T14:36:30.979252", "user": "sales01", "toolcall": {"tool": "FileSystem", "action": "read_file", "params": {"path": "/Engineering/secret.txt"}}, "decision": "denied", "message": "Not authorized to perform tool call"}
{"ts": "2025-12-14T14:42:09.439899", "user": "it01", "toolcall": {"tool": "GitHub", "action": "read_repo", "params": {"repo": "main"}}, "decision": "ok", "message": null}
{"ts": "2025-12-14T14:42:09.440565", "user": "it01", "toolcall": {"tool": "FileSystem", "action": "read_file", "params": {"path": "/IT/logs.txt"}}, "decision": "ok", "message": null}
{"ts": "2025-12-14T14:42:09.442264", "user": "it01", "toolcall": {"tool": "Deployment", "action": "deploy", "params": {"env": "staging"}}, "decision": "pending_approval", "message": "Action requires approval"}
{"ts": "2025-12-14T14:42:09.443065", "user": "it01", "toolcall": {"tool": "Deployment", "action": "deploy", "params": {"env": "staging", "approval_id": "9f42183d-7604-4081-8450-0874d54f3ab7"}}, "decision": "ok", "message": null}
{"ts": "2025-12-14T14:42:09.443858", "user": "eng01", "toolcall": {"tool": "GitHub", "action": "write_code", "params": {"repo": "main", "content": "README content"}}, "decision": "ok", "message": null}
{"ts": "2025-12-14T14:42:09.444666", "user": "eng01", "toolcall": {"tool": "GitHub", "action": "write_code", "params": {"repo": "main", "content": "README content"}}, "decision": "ok", "message": null}
{"ts": "2025-12-14T14:42:09.445526", "user": "sales01", "toolcall": {"tool": "FileSystem", "action": "read_file", "params": {"path": "/Sales/proposal.docx"}}, "decision": "ok", "message": null}
{"ts": "2025-12-14T14:42:09.445959", "user": "sales01", "toolcall": {"tool": "CRM", "action": "create_lead", "params": {"lead": {"source": "genai"}}}, "decision": "ok", "message": null}
{"ts": "2025-12-14T14:42:09.448674", "user": "sales01", "toolcall": {"tool": "GitHub", "action": "write_code", "params": {"repo": "main", "content": "x"}}, "decision": "denied", "message": "Not authorized to perform tool call"}
{"ts": "2025-12-14T14:42:09.449043", "user": "eng01", "toolcall": {"tool": "FileSystem", "action": "read_file", "params": {"path": "/Sales/proposal.docx"}}, "decision": "denied", "message": "Not authorized to perform tool call"}
{"ts": "2025-12-14T14:42:09.449402", "user": "it01", "toolcall": {"tool": "FileSystem", "action": "read_file", "params": {"path": "/Engineering/../IT/secret.txt"}}, "decision": "denied", "message": "Not authorized to perform tool call"}
{"ts": "2025-12-14T14:42:09.450258", "user": "eng01", "toolcall": {"tool": "Deployment", "action": "deploy", "params": {"env": "staging"}}, "decision": "pending_approval", "message": "Action requires approval"}
{"ts": "2025-12-14T14:42:09.451113", "user": "eng01", "toolcall": {"tool": "Deployment", "action": "deploy", "params": {"env": "staging", "approval_id": "9a31d1a1-1389-4acc-9900-b988cc0f49ea"}}, "decision": "ok", "message": null}
{"ts": "2025-12-14T14:42:09.451540", "user": "sales01", "toolcall": {"tool": "FileSystem", "action": "read_file", "params": {"path": "/Engineering/secret.txt"}}, "decision": "denied", "message": "Not authorized to perform tool call"}
{"ts": "2025-12-14T14:42:29.413267", "user": "it01", "toolcall": {"tool": "GitHub", "action": "read_repo", "params": {"repo": "main"}}, "decision": "ok", "message": null}
{"ts": "2025-12-14T14:42:29.413921", "user": "it01", "toolcall": {"tool": "FileSystem", "action": "read_file", "params": {"path": "/IT/logs.txt"}}, "decision": "ok", "message": null}
{"ts": "2025-12-14T14:42:29.416307", "user": "it01", "toolcall": {"tool": "Deployment", "action": "deploy", "params": {"env": "staging"}}, "decision": "pending_approval", "message": "Action requires approval"}
{"ts": "2025-12-14T14:42:29.417438", "user": "it01", "toolcall": {"tool": "Deployment", "action": "deploy", "params": {"env": "staging", "approval_id": "1cc4167f-f1f7-4106-8385-1354ef1b0909"}}, "decision": "ok", "message": null}
{"ts": "2025-12-14T14:42:29.417939", "user": "eng01", "toolcall": {"tool": "GitHub", "action": "write_code", "params": {"repo": "main", "content": "README content"}}, "decision": "ok", "message": null}
{"ts": "2025-12-14T14:42:29.418391", "user": "eng01", "toolcall": {"tool": "GitHub", "action": "write_code", "params": {"repo": "main", "content": "README content"}}, "decision": "ok", "message": null}
{"ts": "2025-12-14T14:42:29.419558", "user": "sales01", "toolcall": {"tool": "FileSystem", "action": "read_file", "params": {"path": "/Sales/proposal.docx"}}, "decision": "ok", "message": null}
{"ts": "2025-12-14T14:42:29.420565", "user": "sales01", "toolcall": {"tool": "CRM", "action": "create_lead", "params": {"lead": {"source": "genai"}}}, "decision": "ok", "message": null}
{"ts": "2025-12-14T14:42:29.422521", "user": "sales01", "toolcall": {"tool": "GitHub", "action": "write_code", "params": {"repo": "main", "content": "x"}}, "decision": "denied", "message": "Not authorized to perform tool call"}
{"ts": "2025-12-14T14:42:29.423147", "user": "eng01", "toolcall": {"tool": "FileSystem", "action": "read_file", "params": {"path": "/Sales/proposal.docx"}}, "decision": "denied", "message": "Not authorized to perform tool call"}
{"ts": "2025-12-14T14:42:29.423752", "user": "it01", "toolcall": {"tool": "FileSystem", "action": "read_file", "params": {"path": "/Engineering/../IT/secret.txt"}}, "decision": "denied", "message": "Not authorized to perform tool call"}
{"ts": "2025-12-14T14:42:29.425794", "user": "eng01", "toolcall": {"tool": "Deployment", "action": "deploy", "params": {"env": "staging"}}, "decision": "pending_approval", "message": "Action requires approval"}
{"ts": "2025-12-14T14:42:29.427419", "user": "eng01", "toolcall": {"tool": "Deployment", "action": "deploy", "params": {"env": "staging", "approval_id": "24e29fea-c182-4dd9-8bec-c10ca47063a0"}}, "decision": "ok", "message": null}
{"ts": "2025-12-14T14:42:29.428484", "user": "sales01", "toolcall": {"tool": "FileSystem", "action": "read_file", "params": {"path": "/Engineering/secret.txt"}}, "decision": "denied", "message": "Not authorized to perform tool call"}
{"ts": "2025-12-14T14:56:46.540946", "user": "it01", "toolcall": {"tool": "GitHub", "action": "read_repo", "params": {"repo": "main"}}, "decision": "ok", "message": null}
{"ts": "2025-12-14T14:56:46.541585", "user": "it01", "toolcall": {"tool": "FileSystem", "action": "read_file", "params": {"path": "/IT/logs.txt"}}, "decision": "ok", "message": null}
{"ts": "2025-12-14T14:56:46.543069", "user": "it01", "toolcall": {"tool": "Deployment", "action": "deploy", "params": {"env": "staging"}}, "decision": "pending_approval", "message": "Action requires approval"}
{"ts": "2025-12-14T14:56:46.544136", "user": "it01", "toolcall": {"tool": "Deployment", "action": "deploy", "params": {"env": "staging", "approval_id": "a64eaa5f-d95d-4828-a2f3-4bc95904f53e"}}, "decision": "ok", "message": null}
{"ts": "2025-12-14T14:56:46.544601", "user": "eng01", "toolcall": {"tool": "GitHub", "action": "write_code", "params": {"repo": "main", "content": "README content"}}, "decision": "ok", "message": null}
{"ts": "2025-12-14T14:56:46.545072", "user": "eng01", "toolcall": {"tool": "GitHub", "action": "write_code", "params": {"repo": "main", "content": "README content"}}, "decision": "ok", "message": null}
{"ts": "2025-12-14T14:56:46.545652", "user": "sales01", "toolcall": {"tool": "FileSystem", "action": "read_file", "params": {"path": "/Sales/proposal.docx"}}, "decision": "ok", "message": null}
{"ts": "2025-12-14T14:56:46.546199", "user": "sales01", "toolcall": {"tool": "CRM", "action": "create_lead", "params": {"lead": {"source": "genai"}}}, "decision": "ok", "message": null}
{"ts": "2025-12-14T14:56:46.547650", "user": "sales01", "toolcall": {"tool": "GitHub", "action": "write_code", "params": {"repo": "main", "content": "x"}}, "decision": "denied", "message": "Not authorized to perform tool call"}
{"ts": "2025-12-14T14:56:46.547971", "user": "eng01", "toolcall": {"tool": "FileSystem", "action": "read_file", "params": {"path": "/Sales/proposal.docx"}}, "decision": "denied", "message": "Not authorized to perform tool call"}
{"ts": "2025-12-14T14:56:46.548269", "user": "it01", "toolcall": {"tool": "FileSystem", "action": "read_file", "params": {"path": "/Engineering/../IT/secret.txt"}}, "decision": "denied", "message": "Not authorized to perform tool call"}
{"ts": "2025-12-14T14:56:46.549201", "user": "eng01", "toolcall": {"tool": "Deployment", "action": "deploy", "params": {"env": "staging"}}, "decision": "pending_approval", "message": "Action requires approval"}
{"ts": "2025-12-14T14:56:46.550315", "user": "eng01", "toolcall": {"tool": "Deployment", "action": "deploy", "params": {"env": "staging", "approval_id": "3f80ce2a-0b83-43ca-9f96-75467115c8ce"}}, "decision": "ok", "message": null}
{"ts": "2025-12-14T14:56:46.550661", "user": "sales01", "toolcall": {"tool": "FileSystem", "action": "read_file", "params": {"path": "/Engineering/secret.txt"}}, "decision": "denied", "message": "Not authorized to perform tool call"}
{"ts": "2025-12-14T14:56:55.558964", "user": "it01", "toolcall": {"tool": "Deployment", "action": "deploy", "params": {"env": "staging"}}, "decision": "pending_approval", "message": "Action requires approval"}
{"ts": "2025-12-14T14:56:55.559482", "user": "sales01", "toolcall": {"tool": "Deployment", "action": "deploy", "params": {"env": "staging"}}, "decision": "denied", "message": "Not authorized to perform tool call"}
{"ts": "2025-12-14T14:56:55.560834", "user": "eng01", "toolcall": {"tool": "DB", "action": "migrate", "params": {"script": "alter table"}}, "decision": "denied", "message": "Not authorized to perform tool call"}
{"ts": "2025-12-14T14:56:55.565233", "user": "eng01", "toolcall": {"tool": "Deployment", "action": "deploy", "params": {"env": "staging"}}, "decision": "pending_approval", "message": "Action requires approval"}
{"ts": "2025-12-14T14:56:55.565970", "user": "eng01", "toolcall": {"tool": "Deployment", "action": "deploy", "params": {"env": "staging", "approval_id": "27e01615-e30f-4a79-bfae-e98704afb31b"}}, "decision": "ok", "message": null}
{"ts": "2025-12-14T14:56:55.606610", "user": "sales01", "toolcall": {"tool": "FileSystem", "action": "read_file", "params": {"path": "/Engineering/secret.txt"}}, "decision": "denied", "message": "Not authorized to perform tool call"}
{"ts": "2025-12-14T14:56:55.609302", "user": "eng01", "toolcall": {"tool": "GitHub", "action": "write_code", "params": {"repo": "main", "content": "x"}}, "decision": "ok", "message": null}
{"ts": "2025-12-14T14:58:18.881132", "user": "it01", "toolcall": {"tool": "Deployment", "action": "deploy", "params": {"env": "staging"}}, "decision": "pending_approval", "message": "Action requires approval"}
{"ts": "2025-12-14T14:58:18.881627", "user": "sales01", "toolcall": {"tool": "Deployment", "action": "deploy", "params": {"env": "staging"}}, "decision": "denied", "message": "Not authorized to perform tool call"}
{"ts": "2025-12-14T14:58:18.882513", "user": "eng01", "toolcall": {"tool": "DB", "action": "migrate", "params": {"script": "alter table"}}, "decision": "denied", "message": "Not authorized to perform tool call"}
{"ts": "2025-12-14T14:58:18.886532", "user": "eng01", "toolcall": {"tool": "Deployment", "action": "deploy", "params": {"env": "staging"}}, "decision": "pending_approval", "message": "Action requires approval"}
{"ts": "2025-12-14T14:58:18.887265", "user": "eng01", "toolcall": {"tool": "Deployment", "action": "deploy", "params": {"env": "staging", "approval_id": "5b85f3c2-1f7b-48a4-b221-542321d3a1d1"}}, "decision": "ok", "message": null}
{"ts": "2025-12-14T14:58:18.927016", "user": "sales01", "toolcall": {"tool": "FileSystem", "action": "read_file", "params": {"path": "/Engineering/secret.txt"}}, "decision": "denied", "message": "Not authorized to perform tool call"}
{"ts": "2025-12-14T14:58:18.930740", "user": "eng01", "toolcall": {"tool": "GitHub", "action": "write_code", "params": {"repo": "main", "content": "x"}}, "decision": "ok", "message": null}
{"ts": "2025-12-14T14:58:51.686887", "user": "it01", "toolcall": {"tool": "Deployment", "action": "deploy", "params": {"env": "staging"}}, "decision": "pending_approval", "message": "Action requires approval"}
{"ts": "2025-12-14T14:58:51.687409", "user": "sales01", "toolcall": {"tool": "Deployment", "action": "deploy", "params": {"env": "staging"}}, "decision": "denied", "message": "Not authorized to perform tool call"}
{"ts": "2025-12-14T14:58:51.688261", "user": "eng01", "toolcall": {"tool": "DB", "action": "migrate", "params": {"script": "alter table"}}, "decision": "denied", "message": "Not authorized to perform tool call"}
{"ts": "2025-12-14T14:58:51.692372", "user": "eng01", "toolcall": {"tool": "Deployment", "action": "deploy", "params": {"env": "staging"}}, "decision": "pending_approval", "message": "Action requires approval"}
{"ts": "2025-12-14T14:58:51.693138", "user": "eng01", "toolcall": {"tool": "Deployment", "action": "deploy", "params": {"env": "staging", "approval_id": "7aee4613-3b72-4852-985c-521e2b35cd08"}}, "decision": "ok", "message": null}
{"ts": "2025-12-14T14:58:51.735963", "user": "sales01", "toolcall": {"tool": "FileSystem", "action": "read_file", "params": {"path": "/Engineering/secret.txt"}}, "decision": "denied", "message": "Not authorized to perform tool call"}
{"ts": "2025-12-14T14:58:51.738753", "user": "eng01", "toolcall": {"tool": "GitHub", "action": "write_code", "params": {"repo": "main", "content": "x"}}, "decision": "ok", "message": null}
{"ts": "2025-12-14T15:01:07.495347", "user": "it01", "toolcall": {"tool": "Deployment", "action": "deploy", "params": {"env": "staging"}}, "decision": "pending_approval", "message": "Action requires approval"}
{"ts": "2025-12-14T15:01:07.495850", "user": "sales01", "toolcall": {"tool": "Deployment", "action": "deploy", "params": {"env": "staging"}}, "decision": "denied", "message": "Not authorized to perform tool call"}
{"ts": "2025-12-14T15:01:07.496701", "user": "eng01", "toolcall": {"tool": "DB", "action": "migrate", "params": {"script": "alter table"}}, "decision": "denied", "message": "Not authorized to perform tool call"}
{"ts": "2025-12-14T15:01:07.500765", "user": "eng01", "toolcall": {"tool": "Deployment", "action": "deploy", "params": {"env": "staging"}}, "decision": "pending_approval", "message": "Action requires approval"}
{"ts": "2025-12-14T15:01:07.501496", "user": "eng01", "toolcall": {"tool": "Deployment", "action": "deploy", "params": {"env": "staging", "approval_id": "8c97b308-7676-491d-9f6c-5098c4b848b8"}}, "decision": "ok", "message": null}
{"ts": "2025-12-14T15:01:07.545377", "user": "sales01", "toolcall": {"tool": "FileSystem", "action": "read_file", "params": {"path": "/Engineering/secret.txt"}}, "decision": "denied", "message": "Not authorized to perform tool call"}
{"ts": "2025-12-14T15:01:07.550040", "user": "eng01", "toolcall": {"tool": "GitHub", "action": "write_code", "params": {"repo": "main", "content": "x"}}, "decision": "ok", "message": null}
{"ts": "2025-12-14T15:02:30.253879", "user": "it01", "toolcall": {"tool": "Deployment", "action": "deploy", "params": {"env": "staging"}}, "decision": "pending_approval", "message": "Action requires approval"}
{"ts": "2025-12-14T15:02:30.254436", "user": "sales01", "toolcall": {"tool": "Deployment", "action": "deploy", "params": {"env": "staging"}}, "decision": "denied", "message": "Not authorized to perform tool call"}
{"ts": "2025-12-14T15:02:30.255332", "user": "eng01", "toolcall": {"tool": "DB", "action": "migrate", "params": {"script": "alter table"}}, "decision": "denied", "message": "Not authorized to perform tool call"}
{"ts": "2025-12-14T15:02:30.259361", "user": "eng01", "toolcall": {"tool": "Deployment", "action": "deploy", "params": {"env": "staging"}}, "decision": "pending_approval", "message": "Action requires approval"}
{"ts": "2025-12-14T15:02:30.260183", "user": "eng01", "toolcall": {"tool": "Deployment", "action": "deploy", "params": {"env": "staging", "approval_id": "85a6d124-7351-46da-b8ef-b364adb8a98e"}}, "decision": "ok", "message": null}
{"ts": "2025-12-14T15:02:30.276066", "user": "sales01", "toolcall": {"tool": "FileSystem", "action": "read_file", "params": {"path": "/Engineering/secret.txt"}}, "decision": "denied", "message": "Not authorized to perform tool call"}
{"ts": "2025-12-14T15:02:30.282069", "user": "eng01", "toolcall": {"tool": "GitHub", "action": "write_code", "params": {"repo": "main", "content": "x"}}, "decision": "ok", "message": null}
{"ts": "2025-12-14T15:12:06.239200", "user": "it01", "toolcall": {"tool": "GitHub", "action": "read_repo", "params": {"repo": "main"}}, "decision": "ok", "message": null}
{"ts": "2025-12-14T15:12:06.239883", "user": "it01", "toolcall": {"tool": "FileSystem", "action": "read_file", "params": {"path": "/Engineering/logs.txt"}}, "decision": "denied", "message": "Not authorized to perform tool call"}
{"ts": "2025-12-14T15:12:06.241939", "user": "it01", "toolcall": {"tool": "Deployment", "action": "deploy", "params": {"env": "staging"}}, "decision": "pending_approval", "message": "Action requires approval"}
{"ts": "2025-12-14T15:12:06.242677", "user": "it01", "toolcall": {"tool": "Deployment", "action": "deploy", "params": {"env": "staging", "approval_id": "899297fa-1ed5-46dc-911a-d00012856bde"}}, "decision": "ok", "message": null}
{"ts": "2025-12-14T15:12:06.243099", "user": "eng01", "toolcall": {"tool": "GitHub", "action": "write_code", "params": {"repo": "main", "content": "README content"}}, "decision": "ok", "message": null}
{"ts": "2025-12-14T15:12:06.243530", "user": "eng01", "toolcall": {"tool": "GitHub", "action": "write_code", "params": {"repo": "main", "content": "README content"}}, "decision": "ok", "message": null}
{"ts": "2025-12-14T15:12:06.244115", "user": "sales01", "toolcall": {"tool": "FileSystem", "action": "read_file", "params": {"path": "/Sales/proposal.docx"}}, "decision": "ok", "message": null}
{"ts": "2025-12-14T15:12:06.244694", "user": "sales01", "toolcall": {"tool": "CRM", "action": "create_lead", "params": {"lead": {"source": "genai"}}}, "decision": "ok", "message": null}
{"ts": "2025-12-14T15:12:06.246208", "user": "sales01", "toolcall": {"tool": "GitHub", "action": "write_code", "params": {"repo": "main", "content": "x"}}, "decision": "denied", "message": "Not authorized to perform tool call"}
{"ts": "2025-12-14T15:12:06.246651", "user": "eng01", "toolcall": {"tool": "FileSystem", "action": "read_file", "params": {"path": "/Sales/proposal.docx"}}, "decision": "denied", "message": "Not authorized to perform tool call"}
{"ts": "2025-12-14T15:12:06.246969", "user": "it01", "toolcall": {"tool": "FileSystem", "action": "read_file", "params": {"path": "/Engineering/../IT/secret.txt"}}, "decision": "denied", "message": "Not authorized to perform tool call"}
{"ts": "2025-12-14T15:12:06.247641", "user": "eng01", "toolcall": {"tool": "Deployment", "action": "deploy", "params": {"env": "staging"}}, "decision": "pending_approval", "message": "Action requires approval"}
{"ts": "2025-12-14T15:12:06.248335", "user": "eng01", "toolcall": {"tool": "Deployment", "action": "deploy", "params": {"env": "staging", "approval_id": "27a6386b-b3d5-4018-bd83-20d10ddb920a"}}, "decision": "ok", "message": null}
{"ts": "2025-12-14T15:12:06.248784", "user": "sales01", "toolcall": {"tool": "FileSystem", "action": "read_file", "params": {"path": "/Engineering/secret.txt"}}, "decision": "denied", "message": "Not authorized to perform tool call"}
{"ts": "2025-12-14T15:12:14.795032", "user": "it01", "toolcall": {"tool": "Deployment", "action": "deploy", "params": {"env": "staging"}}, "decision": "pending_approval", "message": "Action requires approval"}
{"ts": "2025-12-14T15:12:14.795481", "user": "sales01", "toolcall": {"tool": "Deployment", "action": "deploy", "params": {"env": "staging"}}, "decision": "denied", "message": "Not authorized to perform tool call"}
{"ts": "2025-12-14T15:12:14.796311", "user": "eng01", "toolcall": {"tool": "DB", "action": "migrate", "params": {"script": "alter table"}}, "decision": "denied", "message": "Not authorized to perform tool call"}
{"ts": "2025-12-14T15:12:14.800452", "user": "eng01", "toolcall": {"tool": "Deployment", "action": "deploy", "params": {"env": "staging"}}, "decision": "pending_approval", "message": "Action requires approval"}
{"ts": "2025-12-14T15:12:14.801177", "user": "eng01", "toolcall": {"tool": "Deployment", "action": "deploy", "params": {"env": "staging", "approval_id": "d0200f7b-6eb0-4ea7-88ba-290556bca855"}}, "decision": "ok", "message": null}
{"ts": "2025-12-14T15:12:14.810818", "user": "sales01", "toolcall": {"tool": "FileSystem", "action": "read_file", "params": {"path": "/Engineering/secret.txt"}}, "decision": "denied", "message": "Not authorized to perform tool call"}
{"ts": "2025-12-14T15:12:14.813409", "user": "eng01", "toolcall": {"tool": "GitHub", "action": "write_code", "params": {"repo": "main", "content": "x"}}, "decision": "ok", "message": null}
{"ts": "2025-12-15T06:17:49.245138", "user": "it01", "toolcall": {"tool": "Deployment", "action": "deploy", "params": {"env": "staging"}}, "decision": "pending_approval", "message": "Action requires approval"}
{"ts": "2025-12-15T06:17:49.245642", "user": "sales01", "toolcall": {"tool": "Deployment", "action": "deploy", "params": {"env": "staging"}}, "decision": "denied", "message": "Not authorized to perform tool call"}
{"ts": "2025-12-15T06:17:49.246499", "user": "eng01", "toolcall": {"tool": "DB", "action": "migrate", "params": {"script": "alter table"}}, "decision": "denied", "message": "Not authorized to perform tool call"}
{"ts": "2025-12-15T06:17:49.250579", "user": "eng01", "toolcall": {"tool": "Deployment", "action": "deploy", "params": {"env": "staging"}}, "decision": "pending_approval", "message": "Action requires approval"}
{"ts": "2025-12-15T06:17:49.256868", "user": "eng01", "toolcall": {"tool": "Deployment", "action": "deploy", "params": {"env": "staging", "approval_id": "83d263b4-57f8-4519-8d4d-22bd3348c100"}}, "decision": "ok", "message": null}
{"ts": "2025-12-15T06:17:49.269761", "user": "sales01", "toolcall": {"tool": "FileSystem", "action": "read_file", "params": {"path": "/Engineering/secret.txt"}}, "decision": "denied", "message": "Not authorized to perform tool call"}
{"ts": "2025-12-15T06:17:49.272033", "user": "eng01", "toolcall": {"tool": "GitHub", "action": "write_code", "params": {"repo": "main", "content": "x"}}, "decision": "ok", "message": null}
{"ts": "2025-12-15T06:17:55.003339", "user": "it01", "toolcall": {"tool": "GitHub", "action": "read_repo", "params": {"repo": "main"}}, "decision": "ok", "message": null}
{"ts": "2025-12-15T06:17:55.003736", "user": "it01", "toolcall": {"tool": "FileSystem", "action": "read_file", "params": {"path": "/Engineering/logs.txt"}}, "decision": "denied", "message": "Not authorized to perform tool call"}
{"ts": "2025-12-15T06:17:55.004988", "user": "it01", "toolcall": {"tool": "Deployment", "action": "deploy", "params": {"env": "staging"}}, "decision": "pending_approval", "message": "Action requires approval"}
{"ts": "2025-12-15T06:17:55.005668", "user": "it01", "toolcall": {"tool": "Deployment", "action": "deploy", "params": {"env": "staging", "approval_id": "ba9b6a7c-5d05-4a9b-9ea4-fe106f4c816f"}}, "decision": "ok", "message": null}
{"ts": "2025-12-15T06:17:55.006369", "user": "eng01", "toolcall": {"tool": "GitHub", "action": "write_code", "params": {"repo": "main", "content": "README content"}}, "decision": "ok", "message": null}
{"ts": "2025-12-15T06:17:55.007034", "user": "eng01", "toolcall": {"tool": "GitHub", "action": "write_code", "params": {"repo": "main", "content": "README content"}}, "decision": "ok", "message": null}
{"ts": "2025-12-15T06:17:55.007497", "user": "sales01", "toolcall": {"tool": "FileSystem", "action": "read_file", "params": {"path": "/Sales/proposal.docx"}}, "decision": "ok", "message": null}
{"ts": "2025-12-15T06:17:55.008337", "user": "sales01", "toolcall": {"tool": "CRM", "action": "create_lead", "params": {"lead": {"source": "genai"}}}, "decision": "ok", "message": null}
{"ts": "2025-12-15T06:17:55.010209", "user": "sales01", "toolcall": {"tool": "GitHub", "action": "write_code", "params": {"repo": "main", "content": "x"}}, "decision": "denied", "message": "Not authorized to perform tool call"}
{"ts": "2025-12-15T06:17:55.010531", "user": "eng01", "toolcall": {"tool": "FileSystem", "action": "read_file", "params": {"path": "/Sales/proposal.docx"}}, "decision": "denied", "message": "Not authorized to perform tool call"}
{"ts": "2025-12-15T06:17:55.010829", "user": "it01", "toolcall": {"tool": "FileSystem", "action": "read_file", "params": {"path": "/Engineering/../IT/secret.txt"}}, "decision": "denied", "message": "Not authorized to perform tool call"}
{"ts": "2025-12-15T06:17:55.011483", "user": "eng01", "toolcall": {"tool": "Deployment", "action": "deploy", "params": {"env": "staging"}}, "decision": "pending_approval", "message": "Action requires approval"}
{"ts": "2025-12-15T06:17:55.012374", "user": "eng01", "toolcall": {"tool": "Deployment", "action": "deploy", "params": {"env": "staging", "approval_id": "c9545687-0e70-4406-9312-062f99494421"}}, "decision": "ok", "message": null}
{"ts": "2025-12-15T06:17:55.012731", "user": "sales01", "toolcall": {"tool": "FileSystem", "action": "read_file", "params": {"path": "/Engineering/secret.txt"}}, "decision": "denied", "message": "Not authorized to perform tool call"}
